{"meta": {"format": 3, "version": "7.14.0", "timestamp": "2026-06-13T04:28:22.121334", "branch_coverage": false, "show_contexts": false}, "files": {"gacha_simulator\\__init__.py": {"executed_lines": [], "summary": {"covered_lines": 0, "num_statements": 0, "percent_covered": 100.0, "percent_covered_display": "100", "missing_lines": 0, "excluded_lines": 0, "percent_statements_covered": 100.0, "percent_statements_covered_display": "100"}, "missing_lines": [], "excluded_lines": [], "functions": {"": {"executed_lines": [], "summary": {"covered_lines": 0, "num_statements": 0, "percent_covered": 100.0, "percent_covered_display": "100", "missing_lines": 0, "excluded_lines": 0, "percent_statements_covered": 100.0, "percent_statements_covered_display": "100"}, "missing_lines": [], "excluded_lines": [], "start_line": 1}}, "classes": {"": {"executed_lines": [], "summary": {"covered_lines": 0, "num_statements": 0, "percent_covered": 100.0, "percent_covered_display": "100", "missing_lines": 0, "excluded_lines": 0, "percent_statements_covered": 100.0, "percent_statements_covered_display": "100"}, "missing_lines": [], "excluded_lines": [], "start_line": 1}}}, "gacha_simulator\\_version.py": {"executed_lines": [], "summary": {"covered_lines": 0, "num_statements": 3, "percent_covered": 0.0, "percent_covered_display": "0", "missing_lines": 3, "excluded_lines": 0, "percent_statements_covered": 0.0, "percent_statements_covered_display": "0"}, "missing_lines": [1, 3, 5], "excluded_lines": [], "functions": {"": {"executed_lines": [], "summary": {"covered_lines": 0, "num_statements": 3, "percent_covered": 0.0, "percent_covered_display": "0", "missing_lines": 3, "excluded_lines": 0, "percent_statements_covered": 0.0, "percent_statements_covered_display": "0"}, "missing_lines": [1, 3, 5], "excluded_lines": [], "start_line": 1}}, "classes": {"": {"executed_lines": [], "summary": {"covered_lines": 0, "num_statements": 3, "percent_covered": 0.0, "percent_covered_display": "0", "missing_lines": 3, "excluded_lines": 0, "percent_statements_covered": 0.0, "percent_statements_covered_display": "0"}, "missing_lines": [1, 3, 5], "excluded_lines": [], "start_line": 1}}}, "gacha_simulator\\cli.py": {"executed_lines": [], "summary": {"covered_lines": 0, "num_statements": 150, "percent_covered": 0.0, "percent_covered_display": "0", "missing_lines": 150, "excluded_lines": 0, "percent_statements_covered": 0.0, "percent_statements_covered_display": "0"}, "missing_lines": [4, 5, 6, 7, 8, 9, 11, 13, 15, 19, 20, 21, 22, 23, 26, 29, 40, 41, 42, 44, 45, 46, 47, 48, 49, 71, 74, 75, 76, 77, 79, 80, 81, 82, 83, 89, 97, 100, 101, 108, 109, 116, 117, 118, 119, 120, 121, 124, 125, 128, 129, 130, 131, 133, 134, 135, 136, 141, 142, 143, 146, 147, 148, 149, 150, 151, 152, 153, 154, 156, 159, 161, 162, 163, 169, 172, 173, 174, 177, 178, 179, 180, 181, 182, 184, 193, 195, 196, 198, 199, 201, 202, 203, 204, 205, 206, 207, 208, 209, 210, 211, 212, 213, 214, 216, 218, 223, 224, 226, 227, 229, 231, 233, 234, 235, 236, 238, 239, 240, 242, 243, 244, 245, 246, 247, 248, 250, 252, 253, 254, 255, 256, 257, 258, 259, 261, 262, 263, 265, 266, 267, 268, 269, 271, 287, 288, 290, 291, 294, 295], "excluded_lines": [], "functions": {"json_config_to_store": {"executed_lines": [], "summary": {"covered_lines": 0, "num_statements": 33, "percent_covered": 0.0, "percent_covered_display": "0", "missing_lines": 33, "excluded_lines": 0, "percent_statements_covered": 0.0, "percent_statements_covered_display": "0"}, "missing_lines": [40, 41, 42, 44, 45, 46, 47, 48, 49, 71, 74, 75, 76, 77, 79, 80, 81, 82, 83, 89, 97, 100, 101, 108, 109, 116, 117, 118, 119, 120, 121, 124, 125], "excluded_lines": [], "start_line": 29}, "run_single_sim": {"executed_lines": [], "summary": {"covered_lines": 0, "num_statements": 10, "percent_covered": 0.0, "percent_covered_display": "0", "missing_lines": 10, "excluded_lines": 0, "percent_statements_covered": 0.0, "percent_statements_covered_display": "0"}, "missing_lines": [129, 130, 131, 133, 134, 135, 136, 141, 142, 143], "excluded_lines": [], "start_line": 128}, "main": {"executed_lines": [], "summary": {"covered_lines": 0, "num_statements": 87, "percent_covered": 0.0, "percent_covered_display": "0", "missing_lines": 87, "excluded_lines": 0, "percent_statements_covered": 0.0, "percent_statements_covered_display": "0"}, "missing_lines": [147, 148, 149, 150, 151, 152, 153, 154, 156, 159, 161, 162, 163, 169, 172, 173, 174, 177, 178, 179, 180, 181, 182, 184, 193, 195, 196, 198, 199, 201, 202, 203, 204, 205, 206, 207, 208, 209, 210, 211, 212, 213, 214, 216, 218, 223, 224, 226, 227, 229, 231, 233, 234, 235, 236, 238, 239, 240, 242, 243, 244, 245, 246, 247, 248, 250, 252, 253, 254, 255, 256, 257, 258, 259, 261, 262, 263, 265, 266, 267, 268, 269, 271, 287, 288, 290, 291], "excluded_lines": [], "start_line": 146}, "": {"executed_lines": [], "summary": {"covered_lines": 0, "num_statements": 20, "percent_covered": 0.0, "percent_covered_display": "0", "missing_lines": 20, "excluded_lines": 0, "percent_statements_covered": 0.0, "percent_statements_covered_display": "0"}, "missing_lines": [4, 5, 6, 7, 8, 9, 11, 13, 15, 19, 20, 21, 22, 23, 26, 29, 128, 146, 294, 295], "excluded_lines": [], "start_line": 1}}, "classes": {"": {"executed_lines": [], "summary": {"covered_lines": 0, "num_statements": 150, "percent_covered": 0.0, "percent_covered_display": "0", "missing_lines": 150, "excluded_lines": 0, "percent_statements_covered": 0.0, "percent_statements_covered_display": "0"}, "missing_lines": [4, 5, 6, 7, 8, 9, 11, 13, 15, 19, 20, 21, 22, 23, 26, 29, 40, 41, 42, 44, 45, 46, 47, 48, 49, 71, 74, 75, 76, 77, 79, 80, 81, 82, 83, 89, 97, 100, 101, 108, 109, 116, 117, 118, 119, 120, 121, 124, 125, 128, 129, 130, 131, 133, 134, 135, 136, 141, 142, 143, 146, 147, 148, 149, 150, 151, 152, 153, 154, 156, 159, 161, 162, 163, 169, 172, 173, 174, 177, 178, 179, 180, 181, 182, 184, 193, 195, 196, 198, 199, 201, 202, 203, 204, 205, 206, 207, 208, 209, 210, 211, 212, 213, 214, 216, 218, 223, 224, 226, 227, 229, 231, 233, 234, 235, 236, 238, 239, 240, 242, 243, 244, 245, 246, 247, 248, 250, 252, 253, 254, 255, 256, 257, 258, 259, 261, 262, 263, 265, 266, 267, 268, 269, 271, 287, 288, 290, 291, 294, 295], "excluded_lines": [], "start_line": 1}}}, "gacha_simulator\\core\\__init__.py": {"executed_lines": [1, 2, 3, 4, 5, 6, 7, 13, 19, 26, 27, 31, 32, 33, 37, 38, 39, 40, 41, 49, 52, 56, 60, 63, 66, 75, 76, 77, 84, 140], "summary": {"covered_lines": 30, "num_statements": 36, "percent_covered": 83.33333333333333, "percent_covered_display": "83", "missing_lines": 6, "excluded_lines": 0, "percent_statements_covered": 83.33333333333333, "percent_statements_covered_display": "83"}, "missing_lines": [149, 150, 151, 152, 153, 154], "excluded_lines": [], "functions": {"__getattr__": {"executed_lines": [], "summary": {"covered_lines": 0, "num_statements": 6, "percent_covered": 0.0, "percent_covered_display": "0", "missing_lines": 6, "excluded_lines": 0, "percent_statements_covered": 0.0, "percent_statements_covered_display": "0"}, "missing_lines": [149, 150, 151, 152, 153, 154], "excluded_lines": [], "start_line": 140}, "": {"executed_lines": [1, 2, 3, 4, 5, 6, 7, 13, 19, 26, 27, 31, 32, 33, 37, 38, 39, 40, 41, 49, 52, 56, 60, 63, 66, 75, 76, 77, 84, 140], "summary": {"covered_lines": 30, "num_statements": 30, "percent_covered": 100.0, "percent_covered_display": "100", "missing_lines": 0, "excluded_lines": 0, "percent_statements_covered": 100.0, "percent_statements_covered_display": "100"}, "missing_lines": [], "excluded_lines": [], "start_line": 1}}, "classes": {"": {"executed_lines": [1, 2, 3, 4, 5, 6, 7, 13, 19, 26, 27, 31, 32, 33, 37, 38, 39, 40, 41, 49, 52, 56, 60, 63, 66, 75, 76, 77, 84, 140], "summary": {"covered_lines": 30, "num_statements": 36, "percent_covered": 83.33333333333333, "percent_covered_display": "83", "missing_lines": 6, "excluded_lines": 0, "percent_statements_covered": 83.33333333333333, "percent_statements_covered_display": "83"}, "missing_lines": [149, 150, 151, 152, 153, 154], "excluded_lines": [], "start_line": 1}}}, "gacha_simulator\\core\\action.py": {"executed_lines": [1, 2, 3, 6, 7, 9, 10, 14, 15, 16, 17, 19, 20, 23, 24, 25, 26, 28, 29], "summary": {"covered_lines": 19, "num_statements": 20, "percent_covered": 95.0, "percent_covered_display": "95", "missing_lines": 1, "excluded_lines": 0, "percent_statements_covered": 95.0, "percent_statements_covered_display": "95"}, "missing_lines": [11], "excluded_lines": [], "functions": {"Action.__repr__": {"executed_lines": [], "summary": {"covered_lines": 0, "num_statements": 1, "percent_covered": 0.0, "percent_covered_display": "0", "missing_lines": 1, "excluded_lines": 0, "percent_statements_covered": 0.0, "percent_statements_covered_display": "0"}, "missing_lines": [11], "excluded_lines": [], "start_line": 10}, "DrawAction.__repr__": {"executed_lines": [20], "summary": {"covered_lines": 1, "num_statements": 1, "percent_covered": 100.0, "percent_covered_display": "100", "missing_lines": 0, "excluded_lines": 0, "percent_statements_covered": 100.0, "percent_statements_covered_display": "100"}, "missing_lines": [], "excluded_lines": [], "start_line": 19}, "WaitAction.__repr__": {"executed_lines": [29], "summary": {"covered_lines": 1, "num_statements": 1, "percent_covered": 100.0, "percent_covered_display": "100", "missing_lines": 0, "excluded_lines": 0, "percent_statements_covered": 100.0, "percent_statements_covered_display": "100"}, "missing_lines": [], "excluded_lines": [], "start_line": 28}, "": {"executed_lines": [1, 2, 3, 6, 7, 9, 10, 14, 15, 16, 17, 19, 23, 24, 25, 26, 28], "summary": {"covered_lines": 17, "num_statements": 17, "percent_covered": 100.0, "percent_covered_display": "100", "missing_lines": 0, "excluded_lines": 0, "percent_statements_covered": 100.0, "percent_statements_covered_display": "100"}, "missing_lines": [], "excluded_lines": [], "start_line": 1}}, "classes": {"Action": {"executed_lines": [], "summary": {"covered_lines": 0, "num_statements": 1, "percent_covered": 0.0, "percent_covered_display": "0", "missing_lines": 1, "excluded_lines": 0, "percent_statements_covered": 0.0, "percent_statements_covered_display": "0"}, "missing_lines": [11], "excluded_lines": [], "start_line": 6}, "DrawAction": {"executed_lines": [20], "summary": {"covered_lines": 1, "num_statements": 1, "percent_covered": 100.0, "percent_covered_display": "100", "missing_lines": 0, "excluded_lines": 0, "percent_statements_covered": 100.0, "percent_statements_covered_display": "100"}, "missing_lines": [], "excluded_lines": [], "start_line": 15}, "WaitAction": {"executed_lines": [29], "summary": {"covered_lines": 1, "num_statements": 1, "percent_covered": 100.0, "percent_covered_display": "100", "missing_lines": 0, "excluded_lines": 0, "percent_statements_covered": 100.0, "percent_statements_covered_display": "100"}, "missing_lines": [], "excluded_lines": [], "start_line": 24}, "": {"executed_lines": [1, 2, 3, 6, 7, 9, 10, 14, 15, 16, 17, 19, 23, 24, 25, 26, 28], "summary": {"covered_lines": 17, "num_statements": 17, "percent_covered": 100.0, "percent_covered_display": "100", "missing_lines": 0, "excluded_lines": 0, "percent_statements_covered": 100.0, "percent_statements_covered_display": "100"}, "missing_lines": [], "excluded_lines": [], "start_line": 1}}}, "gacha_simulator\\core\\bootstrap.py": {"executed_lines": [7, 8, 9, 11, 12, 13, 16, 17, 19, 20, 21, 22, 23, 24, 25, 27, 29, 30, 33, 46, 48, 49, 50, 51, 52, 53, 57, 60, 62, 63, 64, 65, 67, 68, 71, 72, 73, 79, 94, 95, 96, 97, 99, 101, 102, 103, 107, 111, 115, 117, 133, 134, 135, 136, 138, 140, 141, 142, 143, 144, 146, 147, 148, 152, 156, 160, 162, 181, 182, 183, 184, 186, 188, 189, 190, 191, 193, 194, 196, 197, 199, 203, 205, 211, 212, 213, 214, 217, 218, 222, 223, 224, 225, 227, 228, 229, 230, 231, 232, 234, 235, 238, 239, 244, 246, 253, 254, 255, 256, 257, 258, 259, 263, 272, 273, 274, 275, 276, 277, 278, 279, 280, 281, 282, 283, 284, 286, 288, 294, 295, 296, 297, 300, 301, 302, 303, 306, 307, 308, 309, 310, 311, 312, 313, 315, 316, 317, 321, 322, 323, 324, 325, 327, 336, 337, 338, 339, 341, 342, 344, 349, 350, 351], "summary": {"covered_lines": 163, "num_statements": 175, "percent_covered": 93.14285714285714, "percent_covered_display": "93", "missing_lines": 12, "excluded_lines": 0, "percent_statements_covered": 93.14285714285714, "percent_statements_covered_display": "93"}, "missing_lines": [61, 108, 109, 153, 154, 215, 219, 220, 285, 298, 304, 318], "excluded_lines": [], "functions": {"BootstrapResult.format_ci": {"executed_lines": [29, 30], "summary": {"covered_lines": 2, "num_statements": 2, "percent_covered": 100.0, "percent_covered_display": "100", "missing_lines": 0, "excluded_lines": 0, "percent_statements_covered": 100.0, "percent_statements_covered_display": "100"}, "missing_lines": [], "excluded_lines": [], "start_line": 27}, "BootstrapEngine.__init__": {"executed_lines": [48, 49, 50, 51, 52, 53], "summary": {"covered_lines": 6, "num_statements": 6, "percent_covered": 100.0, "percent_covered_display": "100", "missing_lines": 0, "excluded_lines": 0, "percent_statements_covered": 100.0, "percent_statements_covered_display": "100"}, "missing_lines": [], "excluded_lines": [], "start_line": 46}, "BootstrapEngine._percentile_ci": {"executed_lines": [60, 62, 63, 64, 65], "summary": {"covered_lines": 5, "num_statements": 6, "percent_covered": 83.33333333333333, "percent_covered_display": "83", "missing_lines": 1, "excluded_lines": 0, "percent_statements_covered": 83.33333333333333, "percent_statements_covered_display": "83"}, "missing_lines": [61], "excluded_lines": [], "start_line": 57}, "BootstrapEngine._from_scipy_result": {"executed_lines": [71, 72, 73], "summary": {"covered_lines": 3, "num_statements": 3, "percent_covered": 100.0, "percent_covered_display": "100", "missing_lines": 0, "excluded_lines": 0, "percent_statements_covered": 100.0, "percent_statements_covered_display": "100"}, "missing_lines": [], "excluded_lines": [], "start_line": 68}, "BootstrapEngine.bootstrap_probability": {"executed_lines": [94, 95, 96, 97, 99, 101, 102, 103, 107, 111, 115], "summary": {"covered_lines": 11, "num_statements": 13, "percent_covered": 84.61538461538461, "percent_covered_display": "85", "missing_lines": 2, "excluded_lines": 0, "percent_statements_covered": 84.61538461538461, "percent_statements_covered_display": "85"}, "missing_lines": [108, 109], "excluded_lines": [], "start_line": 79}, "BootstrapEngine.bootstrap_mean": {"executed_lines": [133, 134, 135, 136, 138, 140, 141, 142, 143, 144, 146, 147, 148, 152, 156, 160], "summary": {"covered_lines": 16, "num_statements": 18, "percent_covered": 88.88888888888889, "percent_covered_display": "89", "missing_lines": 2, "excluded_lines": 0, "percent_statements_covered": 88.88888888888889, "percent_statements_covered_display": "89"}, "missing_lines": [153, 154], "excluded_lines": [], "start_line": 117}, "BootstrapEngine.bootstrap_quantile": {"executed_lines": [181, 182, 183, 184, 186, 188, 189, 190, 191, 193, 194, 196, 199, 203], "summary": {"covered_lines": 14, "num_statements": 14, "percent_covered": 100.0, "percent_covered_display": "100", "missing_lines": 0, "excluded_lines": 0, "percent_statements_covered": 100.0, "percent_statements_covered_display": "100"}, "missing_lines": [], "excluded_lines": [], "start_line": 162}, "BootstrapEngine.bootstrap_quantile._quantile_stat": {"executed_lines": [197], "summary": {"covered_lines": 1, "num_statements": 1, "percent_covered": 100.0, "percent_covered_display": "100", "missing_lines": 0, "excluded_lines": 0, "percent_statements_covered": 100.0, "percent_statements_covered_display": "100"}, "missing_lines": [], "excluded_lines": [], "start_line": 196}, "BootstrapEngine._bootstrap_tail_gpd": {"executed_lines": [211, 212, 213, 214, 217, 218, 222, 223, 224, 225, 227, 228, 229, 230, 231, 232, 234, 235], "summary": {"covered_lines": 18, "num_statements": 21, "percent_covered": 85.71428571428571, "percent_covered_display": "86", "missing_lines": 3, "excluded_lines": 0, "percent_statements_covered": 85.71428571428571, "percent_statements_covered_display": "86"}, "missing_lines": [215, 219, 220], "excluded_lines": [], "start_line": 205}, "BootstrapEngine._select_m": {"executed_lines": [244], "summary": {"covered_lines": 1, "num_statements": 1, "percent_covered": 100.0, "percent_covered_display": "100", "missing_lines": 0, "excluded_lines": 0, "percent_statements_covered": 100.0, "percent_statements_covered_display": "100"}, "missing_lines": [], "excluded_lines": [], "start_line": 239}, "BootstrapEngine._bootstrap_mean_m_out_of_n": {"executed_lines": [253, 254, 255, 256, 257, 258, 259], "summary": {"covered_lines": 7, "num_statements": 7, "percent_covered": 100.0, "percent_covered_display": "100", "missing_lines": 0, "excluded_lines": 0, "percent_statements_covered": 100.0, "percent_statements_covered_display": "100"}, "missing_lines": [], "excluded_lines": [], "start_line": 246}, "BootstrapEngine.hill_estimator": {"executed_lines": [272, 273, 274, 275, 276, 277, 278, 279, 280, 281, 282, 283, 284, 286], "summary": {"covered_lines": 14, "num_statements": 15, "percent_covered": 93.33333333333333, "percent_covered_display": "93", "missing_lines": 1, "excluded_lines": 0, "percent_statements_covered": 93.33333333333333, "percent_statements_covered_display": "93"}, "missing_lines": [285], "excluded_lines": [], "start_line": 263}, "BootstrapEngine._select_hill_k": {"executed_lines": [294, 295, 296, 297, 300, 301, 302, 303, 306, 307, 308, 309, 310, 311, 312, 313, 315, 316, 317, 321, 322, 323, 324, 325], "summary": {"covered_lines": 24, "num_statements": 27, "percent_covered": 88.88888888888889, "percent_covered_display": "89", "missing_lines": 3, "excluded_lines": 0, "percent_statements_covered": 88.88888888888889, "percent_statements_covered_display": "89"}, "missing_lines": [298, 304, 318], "excluded_lines": [], "start_line": 288}, "BootstrapEngine.detect_heavy_tail": {"executed_lines": [336, 337, 338, 339, 341, 342], "summary": {"covered_lines": 6, "num_statements": 6, "percent_covered": 100.0, "percent_covered_display": "100", "missing_lines": 0, "excluded_lines": 0, "percent_statements_covered": 100.0, "percent_statements_covered_display": "100"}, "missing_lines": [], "excluded_lines": [], "start_line": 327}, "BootstrapEngine.total_variation_distance": {"executed_lines": [349, 350, 351], "summary": {"covered_lines": 3, "num_statements": 3, "percent_covered": 100.0, "percent_covered_display": "100", "missing_lines": 0, "excluded_lines": 0, "percent_statements_covered": 100.0, "percent_statements_covered_display": "100"}, "missing_lines": [], "excluded_lines": [], "start_line": 344}, "": {"executed_lines": [7, 8, 9, 11, 12, 13, 16, 17, 19, 20, 21, 22, 23, 24, 25, 27, 33, 46, 57, 67, 68, 79, 117, 162, 205, 238, 239, 246, 263, 288, 327, 344], "summary": {"covered_lines": 32, "num_statements": 32, "percent_covered": 100.0, "percent_covered_display": "100", "missing_lines": 0, "excluded_lines": 0, "percent_statements_covered": 100.0, "percent_statements_covered_display": "100"}, "missing_lines": [], "excluded_lines": [], "start_line": 1}}, "classes": {"BootstrapResult": {"executed_lines": [29, 30], "summary": {"covered_lines": 2, "num_statements": 2, "percent_covered": 100.0, "percent_covered_display": "100", "missing_lines": 0, "excluded_lines": 0, "percent_statements_covered": 100.0, "percent_statements_covered_display": "100"}, "missing_lines": [], "excluded_lines": [], "start_line": 17}, "BootstrapEngine": {"executed_lines": [48, 49, 50, 51, 52, 53, 60, 62, 63, 64, 65, 71, 72, 73, 94, 95, 96, 97, 99, 101, 102, 103, 107, 111, 115, 133, 134, 135, 136, 138, 140, 141, 142, 143, 144, 146, 147, 148, 152, 156, 160, 181, 182, 183, 184, 186, 188, 189, 190, 191, 193, 194, 196, 197, 199, 203, 211, 212, 213, 214, 217, 218, 222, 223, 224, 225, 227, 228, 229, 230, 231, 232, 234, 235, 244, 253, 254, 255, 256, 257, 258, 259, 272, 273, 274, 275, 276, 277, 278, 279, 280, 281, 282, 283, 284, 286, 294, 295, 296, 297, 300, 301, 302, 303, 306, 307, 308, 309, 310, 311, 312, 313, 315, 316, 317, 321, 322, 323, 324, 325, 336, 337, 338, 339, 341, 342, 349, 350, 351], "summary": {"covered_lines": 129, "num_statements": 141, "percent_covered": 91.48936170212765, "percent_covered_display": "91", "missing_lines": 12, "excluded_lines": 0, "percent_statements_covered": 91.48936170212765, "percent_statements_covered_display": "91"}, "missing_lines": [61, 108, 109, 153, 154, 215, 219, 220, 285, 298, 304, 318], "excluded_lines": [], "start_line": 33}, "": {"executed_lines": [7, 8, 9, 11, 12, 13, 16, 17, 19, 20, 21, 22, 23, 24, 25, 27, 33, 46, 57, 67, 68, 79, 117, 162, 205, 238, 239, 246, 263, 288, 327, 344], "summary": {"covered_lines": 32, "num_statements": 32, "percent_covered": 100.0, "percent_covered_display": "100", "missing_lines": 0, "excluded_lines": 0, "percent_statements_covered": 100.0, "percent_statements_covered_display": "100"}, "missing_lines": [], "excluded_lines": [], "start_line": 1}}}, "gacha_simulator\\core\\collector.py": {"executed_lines": [1, 3, 4, 13, 14, 15, 30, 31, 40, 41, 45, 46, 50, 51, 57, 73, 84, 87, 91, 92, 93, 94, 96, 99, 100, 101, 102, 103, 104, 105, 106, 107, 109, 110, 111, 112, 114, 115, 116, 118, 122, 123, 125, 126, 127, 129, 130], "summary": {"covered_lines": 47, "num_statements": 65, "percent_covered": 72.3076923076923, "percent_covered_display": "72", "missing_lines": 18, "excluded_lines": 5, "percent_statements_covered": 72.3076923076923, "percent_statements_covered_display": "72"}, "missing_lines": [28, 38, 43, 47, 52, 53, 54, 55, 60, 61, 71, 74, 75, 82, 85, 88, 119, 120], "excluded_lines": [6, 7, 8, 9, 10], "functions": {"SimulationCollector.on_draw": {"executed_lines": [], "summary": {"covered_lines": 0, "num_statements": 1, "percent_covered": 0.0, "percent_covered_display": "0", "missing_lines": 1, "excluded_lines": 0, "percent_statements_covered": 0.0, "percent_statements_covered_display": "0"}, "missing_lines": [28], "excluded_lines": [], "start_line": 15}, "SimulationCollector.on_wait": {"executed_lines": [], "summary": {"covered_lines": 0, "num_statements": 1, "percent_covered": 0.0, "percent_covered_display": "0", "missing_lines": 1, "excluded_lines": 0, "percent_statements_covered": 0.0, "percent_statements_covered_display": "0"}, "missing_lines": [38], "excluded_lines": [], "start_line": 31}, "SimulationCollector.on_pool_end": {"executed_lines": [], "summary": {"covered_lines": 0, "num_statements": 1, "percent_covered": 0.0, "percent_covered_display": "0", "missing_lines": 1, "excluded_lines": 0, "percent_statements_covered": 0.0, "percent_statements_covered_display": "0"}, "missing_lines": [43], "excluded_lines": [], "start_line": 41}, "SimulationCollector.get_result": {"executed_lines": [], "summary": {"covered_lines": 0, "num_statements": 1, "percent_covered": 0.0, "percent_covered_display": "0", "missing_lines": 1, "excluded_lines": 0, "percent_statements_covered": 0.0, "percent_statements_covered_display": "0"}, "missing_lines": [47], "excluded_lines": [], "start_line": 46}, "InfoVectorCollector.__init__": {"executed_lines": [], "summary": {"covered_lines": 0, "num_statements": 4, "percent_covered": 0.0, "percent_covered_display": "0", "missing_lines": 4, "excluded_lines": 0, "percent_statements_covered": 0.0, "percent_statements_covered_display": "0"}, "missing_lines": [52, 53, 54, 55], "excluded_lines": [], "start_line": 51}, "InfoVectorCollector.on_draw": {"executed_lines": [], "summary": {"covered_lines": 0, "num_statements": 3, "percent_covered": 0.0, "percent_covered_display": "0", "missing_lines": 3, "excluded_lines": 0, "percent_statements_covered": 0.0, "percent_statements_covered_display": "0"}, "missing_lines": [60, 61, 71], "excluded_lines": [], "start_line": 57}, "InfoVectorCollector.on_wait": {"executed_lines": [], "summary": {"covered_lines": 0, "num_statements": 3, "percent_covered": 0.0, "percent_covered_display": "0", "missing_lines": 3, "excluded_lines": 0, "percent_statements_covered": 0.0, "percent_statements_covered_display": "0"}, "missing_lines": [74, 75, 82], "excluded_lines": [], "start_line": 73}, "InfoVectorCollector.on_pool_end": {"executed_lines": [], "summary": {"covered_lines": 0, "num_statements": 1, "percent_covered": 0.0, "percent_covered_display": "0", "missing_lines": 1, "excluded_lines": 0, "percent_statements_covered": 0.0, "percent_statements_covered_display": "0"}, "missing_lines": [85], "excluded_lines": [], "start_line": 84}, "InfoVectorCollector.get_result": {"executed_lines": [], "summary": {"covered_lines": 0, "num_statements": 1, "percent_covered": 0.0, "percent_covered_display": "0", "missing_lines": 1, "excluded_lines": 0, "percent_statements_covered": 0.0, "percent_statements_covered_display": "0"}, "missing_lines": [88], "excluded_lines": [], "start_line": 87}, "CompactCollector.__init__": {"executed_lines": [93, 94], "summary": {"covered_lines": 2, "num_statements": 2, "percent_covered": 100.0, "percent_covered_display": "100", "missing_lines": 0, "excluded_lines": 0, "percent_statements_covered": 100.0, "percent_statements_covered_display": "100"}, "missing_lines": [], "excluded_lines": [], "start_line": 92}, "CompactCollector.on_draw": {"executed_lines": [99, 100, 101, 102, 103, 104, 105, 106, 107, 109, 110, 111, 112, 114, 115, 116, 118], "summary": {"covered_lines": 17, "num_statements": 19, "percent_covered": 89.47368421052632, "percent_covered_display": "89", "missing_lines": 2, "excluded_lines": 0, "percent_statements_covered": 89.47368421052632, "percent_statements_covered_display": "89"}, "missing_lines": [119, 120], "excluded_lines": [], "start_line": 96}, "CompactCollector.on_wait": {"executed_lines": [123], "summary": {"covered_lines": 1, "num_statements": 1, "percent_covered": 100.0, "percent_covered_display": "100", "missing_lines": 0, "excluded_lines": 0, "percent_statements_covered": 100.0, "percent_statements_covered_display": "100"}, "missing_lines": [], "excluded_lines": [], "start_line": 122}, "CompactCollector.on_pool_end": {"executed_lines": [126, 127], "summary": {"covered_lines": 2, "num_statements": 2, "percent_covered": 100.0, "percent_covered_display": "100", "missing_lines": 0, "excluded_lines": 0, "percent_statements_covered": 100.0, "percent_statements_covered_display": "100"}, "missing_lines": [], "excluded_lines": [], "start_line": 125}, "CompactCollector.get_result": {"executed_lines": [130], "summary": {"covered_lines": 1, "num_statements": 1, "percent_covered": 100.0, "percent_covered_display": "100", "missing_lines": 0, "excluded_lines": 0, "percent_statements_covered": 100.0, "percent_statements_covered_display": "100"}, "missing_lines": [], "excluded_lines": [], "start_line": 129}, "": {"executed_lines": [1, 3, 4, 13, 14, 15, 30, 31, 40, 41, 45, 46, 50, 51, 57, 73, 84, 87, 91, 92, 96, 122, 125, 129], "summary": {"covered_lines": 24, "num_statements": 24, "percent_covered": 100.0, "percent_covered_display": "100", "missing_lines": 0, "excluded_lines": 5, "percent_statements_covered": 100.0, "percent_statements_covered_display": "100"}, "missing_lines": [], "excluded_lines": [6, 7, 8, 9, 10], "start_line": 1}}, "classes": {"SimulationCollector": {"executed_lines": [], "summary": {"covered_lines": 0, "num_statements": 4, "percent_covered": 0.0, "percent_covered_display": "0", "missing_lines": 4, "excluded_lines": 0, "percent_statements_covered": 0.0, "percent_statements_covered_display": "0"}, "missing_lines": [28, 38, 43, 47], "excluded_lines": [], "start_line": 13}, "InfoVectorCollector": {"executed_lines": [], "summary": {"covered_lines": 0, "num_statements": 12, "percent_covered": 0.0, "percent_covered_display": "0", "missing_lines": 12, "excluded_lines": 0, "percent_statements_covered": 0.0, "percent_statements_covered_display": "0"}, "missing_lines": [52, 53, 54, 55, 60, 61, 71, 74, 75, 82, 85, 88], "excluded_lines": [], "start_line": 50}, "CompactCollector": {"executed_lines": [93, 94, 99, 100, 101, 102, 103, 104, 105, 106, 107, 109, 110, 111, 112, 114, 115, 116, 118, 123, 126, 127, 130], "summary": {"covered_lines": 23, "num_statements": 25, "percent_covered": 92.0, "percent_covered_display": "92", "missing_lines": 2, "excluded_lines": 0, "percent_statements_covered": 92.0, "percent_statements_covered_display": "92"}, "missing_lines": [119, 120], "excluded_lines": [], "start_line": 91}, "": {"executed_lines": [1, 3, 4, 13, 14, 15, 30, 31, 40, 41, 45, 46, 50, 51, 57, 73, 84, 87, 91, 92, 96, 122, 125, 129], "summary": {"covered_lines": 24, "num_statements": 24, "percent_covered": 100.0, "percent_covered_display": "100", "missing_lines": 0, "excluded_lines": 5, "percent_statements_covered": 100.0, "percent_statements_covered_display": "100"}, "missing_lines": [], "excluded_lines": [6, 7, 8, 9, 10], "start_line": 1}}}, "gacha_simulator\\core\\comparison_analyzer.py": {"executed_lines": [2, 4, 5, 7, 12, 13, 15, 16, 17, 18, 19, 20, 21, 22, 23, 24, 25, 26, 27, 29, 30, 82, 133, 134, 136, 137, 138, 139, 140, 142, 143, 197, 273, 322, 323, 325, 326, 327, 328, 329, 331, 332, 366, 383, 400], "summary": {"covered_lines": 45, "num_statements": 225, "percent_covered": 20.0, "percent_covered_display": "20", "missing_lines": 180, "excluded_lines": 0, "percent_statements_covered": 20.0, "percent_statements_covered_display": "20"}, "missing_lines": [32, 33, 34, 40, 41, 42, 44, 45, 46, 47, 49, 50, 53, 54, 55, 56, 57, 58, 60, 61, 62, 65, 66, 68, 69, 71, 102, 104, 105, 106, 108, 109, 110, 112, 113, 114, 115, 116, 117, 125, 126, 127, 128, 130, 152, 154, 155, 156, 157, 158, 159, 161, 162, 163, 174, 175, 176, 177, 178, 179, 180, 181, 183, 184, 187, 189, 219, 220, 221, 224, 225, 226, 229, 230, 233, 234, 235, 237, 238, 240, 241, 244, 245, 249, 250, 252, 253, 254, 255, 256, 257, 258, 261, 263, 292, 293, 294, 296, 297, 298, 299, 300, 304, 305, 308, 309, 310, 311, 312, 314, 335, 336, 337, 338, 339, 340, 341, 342, 343, 344, 346, 348, 349, 350, 352, 353, 354, 355, 356, 357, 359, 360, 362, 368, 369, 370, 371, 372, 373, 374, 376, 377, 378, 379, 380, 385, 386, 387, 388, 389, 390, 391, 393, 394, 395, 396, 397, 417, 418, 419, 421, 422, 423, 424, 428, 429, 430, 433, 434, 435, 436, 438, 440, 441, 442, 443, 444, 445, 446, 448], "excluded_lines": [], "functions": {"DescriptiveStats.compute": {"executed_lines": [], "summary": {"covered_lines": 0, "num_statements": 26, "percent_covered": 0.0, "percent_covered_display": "0", "missing_lines": 26, "excluded_lines": 0, "percent_statements_covered": 0.0, "percent_statements_covered_display": "0"}, "missing_lines": [32, 33, 34, 40, 41, 42, 44, 45, 46, 47, 49, 50, 53, 54, 55, 56, 57, 58, 60, 61, 62, 65, 66, 68, 69, 71], "excluded_lines": [], "start_line": 30}, "compute_gdr_values_for_datasets": {"executed_lines": [], "summary": {"covered_lines": 0, "num_statements": 18, "percent_covered": 0.0, "percent_covered_display": "0", "missing_lines": 18, "excluded_lines": 0, "percent_statements_covered": 0.0, "percent_statements_covered_display": "0"}, "missing_lines": [102, 104, 105, 106, 108, 109, 110, 112, 113, 114, 115, 116, 117, 125, 126, 127, 128, 130], "excluded_lines": [], "start_line": 82}, "ParetoFrontier.compute": {"executed_lines": [], "summary": {"covered_lines": 0, "num_statements": 22, "percent_covered": 0.0, "percent_covered_display": "0", "missing_lines": 22, "excluded_lines": 0, "percent_statements_covered": 0.0, "percent_statements_covered_display": "0"}, "missing_lines": [152, 154, 155, 156, 157, 158, 159, 161, 162, 163, 174, 175, 176, 177, 178, 179, 180, 181, 183, 184, 187, 189], "excluded_lines": [], "start_line": 143}, "dd_bootstrap_test": {"executed_lines": [], "summary": {"covered_lines": 0, "num_statements": 23, "percent_covered": 0.0, "percent_covered_display": "0", "missing_lines": 23, "excluded_lines": 0, "percent_statements_covered": 0.0, "percent_statements_covered_display": "0"}, "missing_lines": [219, 220, 221, 224, 225, 226, 229, 233, 240, 241, 244, 245, 249, 250, 252, 253, 254, 255, 256, 257, 258, 261, 263], "excluded_lines": [], "start_line": 197}, "dd_bootstrap_test.ecdf": {"executed_lines": [], "summary": {"covered_lines": 0, "num_statements": 1, "percent_covered": 0.0, "percent_covered_display": "0", "missing_lines": 1, "excluded_lines": 0, "percent_statements_covered": 0.0, "percent_statements_covered_display": "0"}, "missing_lines": [230], "excluded_lines": [], "start_line": 229}, "dd_bootstrap_test.integrated_cdf": {"executed_lines": [], "summary": {"covered_lines": 0, "num_statements": 4, "percent_covered": 0.0, "percent_covered_display": "0", "missing_lines": 4, "excluded_lines": 0, "percent_statements_covered": 0.0, "percent_statements_covered_display": "0"}, "missing_lines": [234, 235, 237, 238], "excluded_lines": [], "start_line": 233}, "compute_dominance_matrix": {"executed_lines": [], "summary": {"covered_lines": 0, "num_statements": 16, "percent_covered": 0.0, "percent_covered_display": "0", "missing_lines": 16, "excluded_lines": 0, "percent_statements_covered": 0.0, "percent_statements_covered_display": "0"}, "missing_lines": [292, 293, 294, 296, 297, 298, 299, 300, 304, 305, 308, 309, 310, 311, 312, 314], "excluded_lines": [], "start_line": 273}, "HypothesisTestResult.from_samples": {"executed_lines": [], "summary": {"covered_lines": 0, "num_statements": 23, "percent_covered": 0.0, "percent_covered_display": "0", "missing_lines": 23, "excluded_lines": 0, "percent_statements_covered": 0.0, "percent_statements_covered_display": "0"}, "missing_lines": [335, 336, 337, 338, 339, 340, 341, 342, 343, 344, 346, 348, 349, 350, 352, 353, 354, 355, 356, 357, 359, 360, 362], "excluded_lines": [], "start_line": 332}, "holm_bonferroni": {"executed_lines": [], "summary": {"covered_lines": 0, "num_statements": 12, "percent_covered": 0.0, "percent_covered_display": "0", "missing_lines": 12, "excluded_lines": 0, "percent_statements_covered": 0.0, "percent_statements_covered_display": "0"}, "missing_lines": [368, 369, 370, 371, 372, 373, 374, 376, 377, 378, 379, 380], "excluded_lines": [], "start_line": 366}, "benjamini_hochberg": {"executed_lines": [], "summary": {"covered_lines": 0, "num_statements": 12, "percent_covered": 0.0, "percent_covered_display": "0", "missing_lines": 12, "excluded_lines": 0, "percent_statements_covered": 0.0, "percent_statements_covered_display": "0"}, "missing_lines": [385, 386, 387, 388, 389, 390, 391, 393, 394, 395, 396, 397], "excluded_lines": [], "start_line": 383}, "compute_pvalue_matrix": {"executed_lines": [], "summary": {"covered_lines": 0, "num_statements": 23, "percent_covered": 0.0, "percent_covered_display": "0", "missing_lines": 23, "excluded_lines": 0, "percent_statements_covered": 0.0, "percent_statements_covered_display": "0"}, "missing_lines": [417, 418, 419, 421, 422, 423, 424, 428, 429, 430, 433, 434, 435, 436, 438, 440, 441, 442, 443, 444, 445, 446, 448], "excluded_lines": [], "start_line": 400}, "": {"executed_lines": [2, 4, 5, 7, 12, 13, 15, 16, 17, 18, 19, 20, 21, 22, 23, 24, 25, 26, 27, 29, 30, 82, 133, 134, 136, 137, 138, 139, 140, 142, 143, 197, 273, 322, 323, 325, 326, 327, 328, 329, 331, 332, 366, 383, 400], "summary": {"covered_lines": 45, "num_statements": 45, "percent_covered": 100.0, "percent_covered_display": "100", "missing_lines": 0, "excluded_lines": 0, "percent_statements_covered": 100.0, "percent_statements_covered_display": "100"}, "missing_lines": [], "excluded_lines": [], "start_line": 1}}, "classes": {"DescriptiveStats": {"executed_lines": [], "summary": {"covered_lines": 0, "num_statements": 26, "percent_covered": 0.0, "percent_covered_display": "0", "missing_lines": 26, "excluded_lines": 0, "percent_statements_covered": 0.0, "percent_statements_covered_display": "0"}, "missing_lines": [32, 33, 34, 40, 41, 42, 44, 45, 46, 47, 49, 50, 53, 54, 55, 56, 57, 58, 60, 61, 62, 65, 66, 68, 69, 71], "excluded_lines": [], "start_line": 13}, "ParetoFrontier": {"executed_lines": [], "summary": {"covered_lines": 0, "num_statements": 22, "percent_covered": 0.0, "percent_covered_display": "0", "missing_lines": 22, "excluded_lines": 0, "percent_statements_covered": 0.0, "percent_statements_covered_display": "0"}, "missing_lines": [152, 154, 155, 156, 157, 158, 159, 161, 162, 163, 174, 175, 176, 177, 178, 179, 180, 181, 183, 184, 187, 189], "excluded_lines": [], "start_line": 134}, "HypothesisTestResult": {"executed_lines": [], "summary": {"covered_lines": 0, "num_statements": 23, "percent_covered": 0.0, "percent_covered_display": "0", "missing_lines": 23, "excluded_lines": 0, "percent_statements_covered": 0.0, "percent_statements_covered_display": "0"}, "missing_lines": [335, 336, 337, 338, 339, 340, 341, 342, 343, 344, 346, 348, 349, 350, 352, 353, 354, 355, 356, 357, 359, 360, 362], "excluded_lines": [], "start_line": 323}, "": {"executed_lines": [2, 4, 5, 7, 12, 13, 15, 16, 17, 18, 19, 20, 21, 22, 23, 24, 25, 26, 27, 29, 30, 82, 133, 134, 136, 137, 138, 139, 140, 142, 143, 197, 273, 322, 323, 325, 326, 327, 328, 329, 331, 332, 366, 383, 400], "summary": {"covered_lines": 45, "num_statements": 154, "percent_covered": 29.22077922077922, "percent_covered_display": "29", "missing_lines": 109, "excluded_lines": 0, "percent_statements_covered": 29.22077922077922, "percent_statements_covered_display": "29"}, "missing_lines": [102, 104, 105, 106, 108, 109, 110, 112, 113, 114, 115, 116, 117, 125, 126, 127, 128, 130, 219, 220, 221, 224, 225, 226, 229, 230, 233, 234, 235, 237, 238, 240, 241, 244, 245, 249, 250, 252, 253, 254, 255, 256, 257, 258, 261, 263, 292, 293, 294, 296, 297, 298, 299, 300, 304, 305, 308, 309, 310, 311, 312, 314, 368, 369, 370, 371, 372, 373, 374, 376, 377, 378, 379, 380, 385, 386, 387, 388, 389, 390, 391, 393, 394, 395, 396, 397, 417, 418, 419, 421, 422, 423, 424, 428, 429, 430, 433, 434, 435, 436, 438, 440, 441, 442, 443, 444, 445, 446, 448], "excluded_lines": [], "start_line": 1}}}, "gacha_simulator\\core\\config_io.py": {"executed_lines": [1, 2, 3, 5, 11, 12, 13, 15, 18, 19, 20, 22, 24, 34, 35, 43, 46, 47, 48, 50, 51, 52, 53, 54, 55, 56, 57, 58, 61, 62, 63, 64, 65, 66, 69, 70, 71, 72, 73, 74, 75, 76, 77, 86, 87, 88, 89, 90, 92, 94, 114, 115, 116, 117, 118, 122, 123, 130, 154, 168, 171, 181, 190, 199, 209, 210, 211, 212, 213, 214, 216, 218, 219, 220, 229, 232, 243, 246, 249, 250, 251, 252, 253, 255, 256, 258, 259, 261, 264, 265, 266, 271, 272, 274, 275, 276, 277, 279, 280, 282, 284, 285, 286, 287, 294, 296, 297, 298, 299, 300, 302, 313, 314, 315, 316, 318, 320, 321, 324, 325, 326, 327, 328, 330, 331, 332, 333, 334, 335, 336, 337, 338, 339, 340, 343, 346, 347, 348, 349, 350, 352, 353, 354, 355, 356, 357, 358, 359, 360, 361, 362, 363, 364, 365, 368, 369, 370, 377, 380, 383, 384, 385, 386, 387, 388, 389, 390, 393, 394, 395, 396, 397, 398, 399, 402, 403, 404, 405, 406, 407, 408, 411, 414, 415, 416, 417, 418, 419, 420, 421, 423, 424, 425, 427, 429, 431, 433, 434, 439, 441, 444, 445, 446, 447, 448, 449, 453, 465, 466, 467, 468, 469, 470, 471, 472, 473, 474, 475, 476, 477, 478, 479, 480, 481, 482, 483, 484, 485, 486, 487, 488, 502, 509, 510, 511, 512, 513, 514, 518, 519, 520, 521, 522, 523, 528, 529, 530, 532, 533, 534, 535, 576, 577, 578, 579, 580, 582, 583, 584, 585, 586, 587, 588, 589, 591, 592, 593, 594, 595, 596, 597, 600, 601, 602, 605, 606, 607, 610, 617, 618, 619, 620, 621, 622], "summary": {"covered_lines": 284, "num_statements": 442, "percent_covered": 64.25339366515837, "percent_covered_display": "64", "missing_lines": 158, "excluded_lines": 0, "percent_statements_covered": 64.25339366515837, "percent_statements_covered_display": "64"}, "missing_lines": [36, 37, 41, 95, 96, 97, 98, 99, 100, 101, 102, 103, 104, 106, 120, 124, 131, 132, 133, 134, 135, 136, 137, 138, 139, 140, 142, 143, 172, 173, 174, 175, 176, 177, 178, 182, 183, 184, 185, 186, 187, 191, 192, 193, 194, 195, 196, 200, 201, 202, 203, 204, 205, 206, 244, 245, 283, 288, 289, 290, 291, 293, 303, 305, 306, 307, 308, 309, 310, 311, 341, 342, 366, 367, 371, 372, 373, 374, 375, 409, 422, 426, 428, 430, 435, 436, 438, 450, 451, 454, 455, 456, 457, 458, 459, 460, 461, 462, 489, 490, 492, 493, 494, 495, 497, 498, 499, 500, 503, 504, 505, 506, 515, 524, 525, 536, 537, 538, 540, 541, 542, 544, 545, 547, 548, 549, 550, 551, 552, 553, 554, 555, 556, 557, 558, 559, 560, 561, 562, 563, 564, 565, 566, 567, 568, 569, 570, 571, 572, 573, 590, 598, 599, 603, 604, 608, 609, 623], "excluded_lines": [], "functions": {"load_store_from_directory": {"executed_lines": [19, 20, 22, 24, 34, 35, 43], "summary": {"covered_lines": 7, "num_statements": 10, "percent_covered": 70.0, "percent_covered_display": "70", "missing_lines": 3, "excluded_lines": 0, "percent_statements_covered": 70.0, "percent_statements_covered_display": "70"}, "missing_lines": [36, 37, 41], "excluded_lines": [], "start_line": 18}, "save_store_to_directory": {"executed_lines": [47, 48, 50, 51, 52, 53, 54, 55, 56, 57, 58], "summary": {"covered_lines": 11, "num_statements": 11, "percent_covered": 100.0, "percent_covered_display": "100", "missing_lines": 0, "excluded_lines": 0, "percent_statements_covered": 100.0, "percent_statements_covered_display": "100"}, "missing_lines": [], "excluded_lines": [], "start_line": 46}, "_load_resources": {"executed_lines": [62, 63, 64, 65, 66], "summary": {"covered_lines": 5, "num_statements": 5, "percent_covered": 100.0, "percent_covered_display": "100", "missing_lines": 0, "excluded_lines": 0, "percent_statements_covered": 100.0, "percent_statements_covered_display": "100"}, "missing_lines": [], "excluded_lines": [], "start_line": 61}, "_load_cards": {"executed_lines": [70, 71, 72, 73, 74, 75, 76, 77], "summary": {"covered_lines": 8, "num_statements": 8, "percent_covered": 100.0, "percent_covered_display": "100", "missing_lines": 0, "excluded_lines": 0, "percent_statements_covered": 100.0, "percent_statements_covered_display": "100"}, "missing_lines": [], "excluded_lines": [], "start_line": 69}, "_load_schedule": {"executed_lines": [87, 88, 89, 90, 92, 94, 114, 115, 116, 117, 118, 122, 123, 130, 154, 168], "summary": {"covered_lines": 16, "num_statements": 41, "percent_covered": 39.02439024390244, "percent_covered_display": "39", "missing_lines": 25, "excluded_lines": 0, "percent_statements_covered": 39.02439024390244, "percent_statements_covered_display": "39"}, "missing_lines": [95, 96, 97, 98, 99, 100, 101, 102, 103, 104, 106, 120, 124, 131, 132, 133, 134, 135, 136, 137, 138, 139, 140, 142, 143], "excluded_lines": [], "start_line": 86}, "_get_ssr_ids_from_bindings": {"executed_lines": [], "summary": {"covered_lines": 0, "num_statements": 7, "percent_covered": 0.0, "percent_covered_display": "0", "missing_lines": 7, "excluded_lines": 0, "percent_statements_covered": 0.0, "percent_statements_covered_display": "0"}, "missing_lines": [172, 173, 174, 175, 176, 177, 178], "excluded_lines": [], "start_line": 171}, "_get_sr_ids_from_bindings": {"executed_lines": [], "summary": {"covered_lines": 0, "num_statements": 6, "percent_covered": 0.0, "percent_covered_display": "0", "missing_lines": 6, "excluded_lines": 0, "percent_statements_covered": 0.0, "percent_statements_covered_display": "0"}, "missing_lines": [182, 183, 184, 185, 186, 187], "excluded_lines": [], "start_line": 181}, "_get_r_ids_from_bindings": {"executed_lines": [], "summary": {"covered_lines": 0, "num_statements": 6, "percent_covered": 0.0, "percent_covered_display": "0", "missing_lines": 6, "excluded_lines": 0, "percent_statements_covered": 0.0, "percent_statements_covered_display": "0"}, "missing_lines": [191, 192, 193, 194, 195, 196], "excluded_lines": [], "start_line": 190}, "_get_featured_ids_from_bindings": {"executed_lines": [], "summary": {"covered_lines": 0, "num_statements": 7, "percent_covered": 0.0, "percent_covered_display": "0", "missing_lines": 7, "excluded_lines": 0, "percent_statements_covered": 0.0, "percent_statements_covered_display": "0"}, "missing_lines": [200, 201, 202, 203, 204, 205, 206], "excluded_lines": [], "start_line": 199}, "_load_pity": {"executed_lines": [210, 211, 212, 213, 214, 216, 218, 219, 220, 229], "summary": {"covered_lines": 10, "num_statements": 10, "percent_covered": 100.0, "percent_covered_display": "100", "missing_lines": 0, "excluded_lines": 0, "percent_statements_covered": 100.0, "percent_statements_covered_display": "100"}, "missing_lines": [], "excluded_lines": [], "start_line": 209}, "_normalize_rule_type": {"executed_lines": [243, 246], "summary": {"covered_lines": 2, "num_statements": 4, "percent_covered": 50.0, "percent_covered_display": "50", "missing_lines": 2, "excluded_lines": 0, "percent_statements_covered": 50.0, "percent_statements_covered_display": "50"}, "missing_lines": [244, 245], "excluded_lines": [], "start_line": 232}, "_load_gains": {"executed_lines": [250, 251, 252, 253, 255, 256, 258, 259, 261, 274, 275, 276, 277, 279, 280, 282, 284, 285, 286, 287, 294, 296, 297, 298, 299, 300, 302, 313, 314, 315, 316, 318, 320, 321], "summary": {"covered_lines": 34, "num_statements": 48, "percent_covered": 70.83333333333333, "percent_covered_display": "71", "missing_lines": 14, "excluded_lines": 0, "percent_statements_covered": 70.83333333333333, "percent_statements_covered_display": "71"}, "missing_lines": [283, 288, 289, 290, 291, 293, 303, 305, 306, 307, 308, 309, 310, 311], "excluded_lines": [], "start_line": 249}, "_load_gains._flush_rule": {"executed_lines": [264, 265, 266, 271, 272], "summary": {"covered_lines": 5, "num_statements": 5, "percent_covered": 100.0, "percent_covered_display": "100", "missing_lines": 0, "excluded_lines": 0, "percent_statements_covered": 100.0, "percent_statements_covered_display": "100"}, "missing_lines": [], "excluded_lines": [], "start_line": 261}, "_load_initial_resources": {"executed_lines": [325, 326, 327, 328, 330, 331, 332, 333, 334, 335, 336, 337, 338, 339, 340, 343], "summary": {"covered_lines": 16, "num_statements": 18, "percent_covered": 88.88888888888889, "percent_covered_display": "89", "missing_lines": 2, "excluded_lines": 0, "percent_statements_covered": 88.88888888888889, "percent_statements_covered_display": "89"}, "missing_lines": [341, 342], "excluded_lines": [], "start_line": 324}, "_load_targets": {"executed_lines": [347, 348, 349, 350, 352, 353, 354, 355, 356, 357, 358, 359, 360, 361, 362, 363, 364, 365, 368, 369, 370, 377, 380], "summary": {"covered_lines": 23, "num_statements": 30, "percent_covered": 76.66666666666667, "percent_covered_display": "77", "missing_lines": 7, "excluded_lines": 0, "percent_statements_covered": 76.66666666666667, "percent_statements_covered_display": "77"}, "missing_lines": [366, 367, 371, 372, 373, 374, 375], "excluded_lines": [], "start_line": 346}, "_parse_resource_amount": {"executed_lines": [384, 385, 386, 387, 388, 389, 390], "summary": {"covered_lines": 7, "num_statements": 7, "percent_covered": 100.0, "percent_covered_display": "100", "missing_lines": 0, "excluded_lines": 0, "percent_statements_covered": 100.0, "percent_statements_covered_display": "100"}, "missing_lines": [], "excluded_lines": [], "start_line": 383}, "_save_resources": {"executed_lines": [394, 395, 396, 397, 398, 399], "summary": {"covered_lines": 6, "num_statements": 6, "percent_covered": 100.0, "percent_covered_display": "100", "missing_lines": 0, "excluded_lines": 0, "percent_statements_covered": 100.0, "percent_statements_covered_display": "100"}, "missing_lines": [], "excluded_lines": [], "start_line": 393}, "_save_cards": {"executed_lines": [403, 404, 405, 406, 407, 408, 411], "summary": {"covered_lines": 7, "num_statements": 8, "percent_covered": 87.5, "percent_covered_display": "88", "missing_lines": 1, "excluded_lines": 0, "percent_statements_covered": 87.5, "percent_statements_covered_display": "88"}, "missing_lines": [409], "excluded_lines": [], "start_line": 402}, "_save_schedule": {"executed_lines": [415, 416, 417, 418, 419, 420, 421, 423, 424, 425, 427, 429, 431, 433, 434, 439, 441], "summary": {"covered_lines": 17, "num_statements": 24, "percent_covered": 70.83333333333333, "percent_covered_display": "71", "missing_lines": 7, "excluded_lines": 0, "percent_statements_covered": 70.83333333333333, "percent_statements_covered_display": "71"}, "missing_lines": [422, 426, 428, 430, 435, 436, 438], "excluded_lines": [], "start_line": 414}, "_save_pity": {"executed_lines": [445, 446, 447, 448, 449, 453], "summary": {"covered_lines": 6, "num_statements": 17, "percent_covered": 35.294117647058826, "percent_covered_display": "35", "missing_lines": 11, "excluded_lines": 0, "percent_statements_covered": 35.294117647058826, "percent_statements_covered_display": "35"}, "missing_lines": [450, 451, 454, 455, 456, 457, 458, 459, 460, 461, 462], "excluded_lines": [], "start_line": 444}, "_save_gains": {"executed_lines": [466, 467, 468, 469, 470, 471, 472, 473, 474, 475, 476, 477, 478, 479, 480, 481, 482, 483, 484, 485, 486, 487, 488, 502], "summary": {"covered_lines": 24, "num_statements": 38, "percent_covered": 63.1578947368421, "percent_covered_display": "63", "missing_lines": 14, "excluded_lines": 0, "percent_statements_covered": 63.1578947368421, "percent_statements_covered_display": "63"}, "missing_lines": [489, 490, 492, 493, 494, 495, 497, 498, 499, 500, 503, 504, 505, 506], "excluded_lines": [], "start_line": 465}, "_save_initial_resources": {"executed_lines": [510, 511, 512, 513, 514], "summary": {"covered_lines": 5, "num_statements": 6, "percent_covered": 83.33333333333333, "percent_covered_display": "83", "missing_lines": 1, "excluded_lines": 0, "percent_statements_covered": 83.33333333333333, "percent_statements_covered_display": "83"}, "missing_lines": [515], "excluded_lines": [], "start_line": 509}, "_save_targets": {"executed_lines": [519, 520, 521, 522, 523], "summary": {"covered_lines": 5, "num_statements": 7, "percent_covered": 71.42857142857143, "percent_covered_display": "71", "missing_lines": 2, "excluded_lines": 0, "percent_statements_covered": 71.42857142857143, "percent_statements_covered_display": "71"}, "missing_lines": [524, 525], "excluded_lines": [], "start_line": 518}, "_save_distributions": {"executed_lines": [529, 530, 532, 533, 534, 535], "summary": {"covered_lines": 6, "num_statements": 41, "percent_covered": 14.634146341463415, "percent_covered_display": "15", "missing_lines": 35, "excluded_lines": 0, "percent_statements_covered": 14.634146341463415, "percent_statements_covered_display": "15"}, "missing_lines": [536, 537, 538, 540, 541, 542, 544, 545, 547, 548, 549, 550, 551, 552, 553, 554, 555, 556, 557, 558, 559, 560, 561, 562, 563, 564, 565, 566, 567, 568, 569, 570, 571, 572, 573], "excluded_lines": [], "start_line": 528}, "_load_weights": {"executed_lines": [577, 578, 579, 580, 582, 583, 584, 585, 586, 587, 588, 589, 591, 592, 593, 594, 595, 596, 597, 600, 601, 602, 605, 606, 607, 610], "summary": {"covered_lines": 26, "num_statements": 33, "percent_covered": 78.78787878787878, "percent_covered_display": "79", "missing_lines": 7, "excluded_lines": 0, "percent_statements_covered": 78.78787878787878, "percent_statements_covered_display": "79"}, "missing_lines": [590, 598, 599, 603, 604, 608, 609], "excluded_lines": [], "start_line": 576}, "_save_weights": {"executed_lines": [618, 619, 620, 621, 622], "summary": {"covered_lines": 5, "num_statements": 6, "percent_covered": 83.33333333333333, "percent_covered_display": "83", "missing_lines": 1, "excluded_lines": 0, "percent_statements_covered": 83.33333333333333, "percent_statements_covered_display": "83"}, "missing_lines": [623], "excluded_lines": [], "start_line": 617}, "": {"executed_lines": [1, 2, 3, 5, 11, 12, 13, 15, 18, 46, 61, 69, 86, 171, 181, 190, 199, 209, 232, 249, 324, 346, 383, 393, 402, 414, 444, 465, 509, 518, 528, 576, 617], "summary": {"covered_lines": 33, "num_statements": 33, "percent_covered": 100.0, "percent_covered_display": "100", "missing_lines": 0, "excluded_lines": 0, "percent_statements_covered": 100.0, "percent_statements_covered_display": "100"}, "missing_lines": [], "excluded_lines": [], "start_line": 1}}, "classes": {"": {"executed_lines": [1, 2, 3, 5, 11, 12, 13, 15, 18, 19, 20, 22, 24, 34, 35, 43, 46, 47, 48, 50, 51, 52, 53, 54, 55, 56, 57, 58, 61, 62, 63, 64, 65, 66, 69, 70, 71, 72, 73, 74, 75, 76, 77, 86, 87, 88, 89, 90, 92, 94, 114, 115, 116, 117, 118, 122, 123, 130, 154, 168, 171, 181, 190, 199, 209, 210, 211, 212, 213, 214, 216, 218, 219, 220, 229, 232, 243, 246, 249, 250, 251, 252, 253, 255, 256, 258, 259, 261, 264, 265, 266, 271, 272, 274, 275, 276, 277, 279, 280, 282, 284, 285, 286, 287, 294, 296, 297, 298, 299, 300, 302, 313, 314, 315, 316, 318, 320, 321, 324, 325, 326, 327, 328, 330, 331, 332, 333, 334, 335, 336, 337, 338, 339, 340, 343, 346, 347, 348, 349, 350, 352, 353, 354, 355, 356, 357, 358, 359, 360, 361, 362, 363, 364, 365, 368, 369, 370, 377, 380, 383, 384, 385, 386, 387, 388, 389, 390, 393, 394, 395, 396, 397, 398, 399, 402, 403, 404, 405, 406, 407, 408, 411, 414, 415, 416, 417, 418, 419, 420, 421, 423, 424, 425, 427, 429, 431, 433, 434, 439, 441, 444, 445, 446, 447, 448, 449, 453, 465, 466, 467, 468, 469, 470, 471, 472, 473, 474, 475, 476, 477, 478, 479, 480, 481, 482, 483, 484, 485, 486, 487, 488, 502, 509, 510, 511, 512, 513, 514, 518, 519, 520, 521, 522, 523, 528, 529, 530, 532, 533, 534, 535, 576, 577, 578, 579, 580, 582, 583, 584, 585, 586, 587, 588, 589, 591, 592, 593, 594, 595, 596, 597, 600, 601, 602, 605, 606, 607, 610, 617, 618, 619, 620, 621, 622], "summary": {"covered_lines": 284, "num_statements": 442, "percent_covered": 64.25339366515837, "percent_covered_display": "64", "missing_lines": 158, "excluded_lines": 0, "percent_statements_covered": 64.25339366515837, "percent_statements_covered_display": "64"}, "missing_lines": [36, 37, 41, 95, 96, 97, 98, 99, 100, 101, 102, 103, 104, 106, 120, 124, 131, 132, 133, 134, 135, 136, 137, 138, 139, 140, 142, 143, 172, 173, 174, 175, 176, 177, 178, 182, 183, 184, 185, 186, 187, 191, 192, 193, 194, 195, 196, 200, 201, 202, 203, 204, 205, 206, 244, 245, 283, 288, 289, 290, 291, 293, 303, 305, 306, 307, 308, 309, 310, 311, 341, 342, 366, 367, 371, 372, 373, 374, 375, 409, 422, 426, 428, 430, 435, 436, 438, 450, 451, 454, 455, 456, 457, 458, 459, 460, 461, 462, 489, 490, 492, 493, 494, 495, 497, 498, 499, 500, 503, 504, 505, 506, 515, 524, 525, 536, 537, 538, 540, 541, 542, 544, 545, 547, 548, 549, 550, 551, 552, 553, 554, 555, 556, 557, 558, 559, 560, 561, 562, 563, 564, 565, 566, 567, 568, 569, 570, 571, 572, 573, 590, 598, 599, 603, 604, 608, 609, 623], "excluded_lines": [], "start_line": 1}}}, "gacha_simulator\\core\\config_store.py": {"executed_lines": [1, 2, 3, 5, 8, 9, 10, 11, 12, 13, 14, 15, 16, 17, 20, 21, 22, 23, 24, 25, 26, 27, 28, 29, 30, 31, 32, 33, 34, 37, 38, 39, 40, 41, 42, 43, 44, 47, 48, 49, 50, 51, 54, 55, 56, 57, 58, 61, 62, 63, 64, 67, 68, 69, 70, 71, 74, 75, 76, 77, 78, 79, 80, 83, 84, 85, 86, 87, 90, 91, 92, 93, 94, 95, 96, 97, 98, 99, 100, 101, 102, 103, 104, 105, 106, 107, 108, 109, 110, 112, 113, 114, 117, 118, 121, 122, 123, 124, 125, 126, 127, 128, 129, 130, 131, 132, 133, 134, 135, 136, 137, 138, 139, 140, 146, 147, 149, 151, 152, 154, 156, 157, 159], "summary": {"covered_lines": 123, "num_statements": 125, "percent_covered": 98.4, "percent_covered_display": "98", "missing_lines": 2, "excluded_lines": 0, "percent_statements_covered": 98.4, "percent_statements_covered_display": "98"}, "missing_lines": [115, 119], "excluded_lines": [], "functions": {"ConfigStore.__post_init__": {"executed_lines": [113, 114, 117, 118], "summary": {"covered_lines": 4, "num_statements": 6, "percent_covered": 66.66666666666667, "percent_covered_display": "67", "missing_lines": 2, "excluded_lines": 0, "percent_statements_covered": 66.66666666666667, "percent_statements_covered_display": "67"}, "missing_lines": [115, 119], "excluded_lines": [], "start_line": 112}, "ConfigStore.clear": {"executed_lines": [122, 123, 124, 125, 126, 127, 128, 129, 130, 131, 132, 133, 134, 135, 136, 137, 138, 139, 140], "summary": {"covered_lines": 19, "num_statements": 19, "percent_covered": 100.0, "percent_covered_display": "100", "missing_lines": 0, "excluded_lines": 0, "percent_statements_covered": 100.0, "percent_statements_covered_display": "100"}, "missing_lines": [], "excluded_lines": [], "start_line": 121}, "ConfigStore.desire_weights": {"executed_lines": [149], "summary": {"covered_lines": 1, "num_statements": 1, "percent_covered": 100.0, "percent_covered_display": "100", "missing_lines": 0, "excluded_lines": 0, "percent_statements_covered": 100.0, "percent_statements_covered_display": "100"}, "missing_lines": [], "excluded_lines": [], "start_line": 147}, "ConfigStore.miss_cost_weights": {"executed_lines": [154], "summary": {"covered_lines": 1, "num_statements": 1, "percent_covered": 100.0, "percent_covered_display": "100", "missing_lines": 0, "excluded_lines": 0, "percent_statements_covered": 100.0, "percent_statements_covered_display": "100"}, "missing_lines": [], "excluded_lines": [], "start_line": 152}, "ConfigStore.card_value_weights": {"executed_lines": [159], "summary": {"covered_lines": 1, "num_statements": 1, "percent_covered": 100.0, "percent_covered_display": "100", "missing_lines": 0, "excluded_lines": 0, "percent_statements_covered": 100.0, "percent_statements_covered_display": "100"}, "missing_lines": [], "excluded_lines": [], "start_line": 157}, "": {"executed_lines": [1, 2, 3, 5, 8, 9, 10, 11, 12, 13, 14, 15, 16, 17, 20, 21, 22, 23, 24, 25, 26, 27, 28, 29, 30, 31, 32, 33, 34, 37, 38, 39, 40, 41, 42, 43, 44, 47, 48, 49, 50, 51, 54, 55, 56, 57, 58, 61, 62, 63, 64, 67, 68, 69, 70, 71, 74, 75, 76, 77, 78, 79, 80, 83, 84, 85, 86, 87, 90, 91, 92, 93, 94, 95, 96, 97, 98, 99, 100, 101, 102, 103, 104, 105, 106, 107, 108, 109, 110, 112, 121, 146, 147, 151, 152, 156, 157], "summary": {"covered_lines": 97, "num_statements": 97, "percent_covered": 100.0, "percent_covered_display": "100", "missing_lines": 0, "excluded_lines": 0, "percent_statements_covered": 100.0, "percent_statements_covered_display": "100"}, "missing_lines": [], "excluded_lines": [], "start_line": 1}}, "classes": {"PoolDistEntry": {"executed_lines": [], "summary": {"covered_lines": 0, "num_statements": 0, "percent_covered": 100.0, "percent_covered_display": "100", "missing_lines": 0, "excluded_lines": 0, "percent_statements_covered": 100.0, "percent_statements_covered_display": "100"}, "missing_lines": [], "excluded_lines": [], "start_line": 9}, "PoolEntry": {"executed_lines": [], "summary": {"covered_lines": 0, "num_statements": 0, "percent_covered": 100.0, "percent_covered_display": "100", "missing_lines": 0, "excluded_lines": 0, "percent_statements_covered": 100.0, "percent_statements_covered_display": "100"}, "missing_lines": [], "excluded_lines": [], "start_line": 21}, "PityDef": {"executed_lines": [], "summary": {"covered_lines": 0, "num_statements": 0, "percent_covered": 100.0, "percent_covered_display": "100", "missing_lines": 0, "excluded_lines": 0, "percent_statements_covered": 100.0, "percent_statements_covered_display": "100"}, "missing_lines": [], "excluded_lines": [], "start_line": 38}, "PityConfig": {"executed_lines": [], "summary": {"covered_lines": 0, "num_statements": 0, "percent_covered": 100.0, "percent_covered_display": "100", "missing_lines": 0, "excluded_lines": 0, "percent_statements_covered": 100.0, "percent_statements_covered_display": "100"}, "missing_lines": [], "excluded_lines": [], "start_line": 48}, "GainRule": {"executed_lines": [], "summary": {"covered_lines": 0, "num_statements": 0, "percent_covered": 100.0, "percent_covered_display": "100", "missing_lines": 0, "excluded_lines": 0, "percent_statements_covered": 100.0, "percent_statements_covered_display": "100"}, "missing_lines": [], "excluded_lines": [], "start_line": 55}, "DayOverride": {"executed_lines": [], "summary": {"covered_lines": 0, "num_statements": 0, "percent_covered": 100.0, "percent_covered_display": "100", "missing_lines": 0, "excluded_lines": 0, "percent_statements_covered": 100.0, "percent_statements_covered_display": "100"}, "missing_lines": [], "excluded_lines": [], "start_line": 62}, "TargetCardEntry": {"executed_lines": [], "summary": {"covered_lines": 0, "num_statements": 0, "percent_covered": 100.0, "percent_covered_display": "100", "missing_lines": 0, "excluded_lines": 0, "percent_statements_covered": 100.0, "percent_statements_covered_display": "100"}, "missing_lines": [], "excluded_lines": [], "start_line": 68}, "CardDefEntry": {"executed_lines": [], "summary": {"covered_lines": 0, "num_statements": 0, "percent_covered": 100.0, "percent_covered_display": "100", "missing_lines": 0, "excluded_lines": 0, "percent_statements_covered": 100.0, "percent_statements_covered_display": "100"}, "missing_lines": [], "excluded_lines": [], "start_line": 75}, "CardWeightEntry": {"executed_lines": [], "summary": {"covered_lines": 0, "num_statements": 0, "percent_covered": 100.0, "percent_covered_display": "100", "missing_lines": 0, "excluded_lines": 0, "percent_statements_covered": 100.0, "percent_statements_covered_display": "100"}, "missing_lines": [], "excluded_lines": [], "start_line": 84}, "ConfigStore": {"executed_lines": [113, 114, 117, 118, 122, 123, 124, 125, 126, 127, 128, 129, 130, 131, 132, 133, 134, 135, 136, 137, 138, 139, 140, 149, 154, 159], "summary": {"covered_lines": 26, "num_statements": 28, "percent_covered": 92.85714285714286, "percent_covered_display": "93", "missing_lines": 2, "excluded_lines": 0, "percent_statements_covered": 92.85714285714286, "percent_statements_covered_display": "93"}, "missing_lines": [115, 119], "excluded_lines": [], "start_line": 91}, "": {"executed_lines": [1, 2, 3, 5, 8, 9, 10, 11, 12, 13, 14, 15, 16, 17, 20, 21, 22, 23, 24, 25, 26, 27, 28, 29, 30, 31, 32, 33, 34, 37, 38, 39, 40, 41, 42, 43, 44, 47, 48, 49, 50, 51, 54, 55, 56, 57, 58, 61, 62, 63, 64, 67, 68, 69, 70, 71, 74, 75, 76, 77, 78, 79, 80, 83, 84, 85, 86, 87, 90, 91, 92, 93, 94, 95, 96, 97, 98, 99, 100, 101, 102, 103, 104, 105, 106, 107, 108, 109, 110, 112, 121, 146, 147, 151, 152, 156, 157], "summary": {"covered_lines": 97, "num_statements": 97, "percent_covered": 100.0, "percent_covered_display": "100", "missing_lines": 0, "excluded_lines": 0, "percent_statements_covered": 100.0, "percent_statements_covered_display": "100"}, "missing_lines": [], "excluded_lines": [], "start_line": 1}}}, "gacha_simulator\\core\\distribution.py": {"executed_lines": [1, 2, 3, 6, 7, 8, 9, 10, 11, 12, 13, 14, 17, 18, 24, 25, 28, 31, 34, 38, 43, 48, 52, 53, 61, 62, 63, 64, 65, 66, 67, 68, 70, 71, 72, 74, 75, 78, 80, 81, 84, 85, 86, 87, 88, 89, 91, 92, 94, 96, 99, 106, 109, 112, 114, 115, 116, 118, 120, 121, 122, 123, 124, 126, 128, 129, 130, 131, 133, 134, 136, 138, 139, 140, 142, 143, 144, 145, 147, 149, 150, 151, 153, 155, 156, 157, 159, 160, 162, 163, 165, 167, 168, 169, 170, 171, 172, 173, 175, 177, 178, 179, 181, 182, 183, 184, 185, 186, 188, 190, 191, 192, 194, 195, 196, 198, 199, 200, 201, 203, 205, 208, 211, 223, 226, 229, 233, 237, 241, 247, 253, 267, 268, 272, 273, 278, 279, 284, 285, 289, 292, 295, 298, 301, 304, 316, 317, 321, 324, 327, 335, 337, 338, 339, 341, 342, 343, 345, 346, 347, 348], "summary": {"covered_lines": 161, "num_statements": 255, "percent_covered": 63.13725490196079, "percent_covered_display": "63", "missing_lines": 94, "excluded_lines": 0, "percent_statements_covered": 63.13725490196079, "percent_statements_covered_display": "63"}, "missing_lines": [19, 20, 21, 22, 26, 29, 32, 35, 36, 39, 40, 41, 44, 45, 46, 49, 50, 54, 55, 57, 58, 76, 82, 93, 97, 100, 101, 102, 103, 104, 107, 110, 117, 119, 132, 146, 152, 158, 180, 197, 202, 206, 209, 212, 213, 214, 215, 216, 217, 218, 220, 221, 224, 227, 230, 231, 234, 235, 238, 239, 242, 243, 244, 245, 248, 249, 250, 251, 254, 255, 256, 257, 269, 270, 274, 275, 276, 280, 281, 286, 287, 290, 293, 296, 299, 302, 305, 318, 319, 322, 325, 328, 340, 344], "excluded_lines": [], "functions": {"JointSamples.__init__": {"executed_lines": [], "summary": {"covered_lines": 0, "num_statements": 4, "percent_covered": 0.0, "percent_covered_display": "0", "missing_lines": 4, "excluded_lines": 0, "percent_statements_covered": 0.0, "percent_statements_covered_display": "0"}, "missing_lines": [19, 20, 21, 22], "excluded_lines": [], "start_line": 18}, "JointSamples.n": {"executed_lines": [], "summary": {"covered_lines": 0, "num_statements": 1, "percent_covered": 0.0, "percent_covered_display": "0", "missing_lines": 1, "excluded_lines": 0, "percent_statements_covered": 0.0, "percent_statements_covered_display": "0"}, "missing_lines": [26], "excluded_lines": [], "start_line": 25}, "JointSamples.first_distribution": {"executed_lines": [], "summary": {"covered_lines": 0, "num_statements": 1, "percent_covered": 0.0, "percent_covered_display": "0", "missing_lines": 1, "excluded_lines": 0, "percent_statements_covered": 0.0, "percent_statements_covered_display": "0"}, "missing_lines": [29], "excluded_lines": [], "start_line": 28}, "JointSamples.second_distribution": {"executed_lines": [], "summary": {"covered_lines": 0, "num_statements": 1, "percent_covered": 0.0, "percent_covered_display": "0", "missing_lines": 1, "excluded_lines": 0, "percent_statements_covered": 0.0, "percent_statements_covered_display": "0"}, "missing_lines": [32], "excluded_lines": [], "start_line": 31}, "JointSamples.conditional_second": {"executed_lines": [], "summary": {"covered_lines": 0, "num_statements": 2, "percent_covered": 0.0, "percent_covered_display": "0", "missing_lines": 2, "excluded_lines": 0, "percent_statements_covered": 0.0, "percent_statements_covered_display": "0"}, "missing_lines": [35, 36], "excluded_lines": [], "start_line": 34}, "JointSamples.conditional_second_below_quantile": {"executed_lines": [], "summary": {"covered_lines": 0, "num_statements": 3, "percent_covered": 0.0, "percent_covered_display": "0", "missing_lines": 3, "excluded_lines": 0, "percent_statements_covered": 0.0, "percent_statements_covered_display": "0"}, "missing_lines": [39, 40, 41], "excluded_lines": [], "start_line": 38}, "JointSamples.conditional_second_above_quantile": {"executed_lines": [], "summary": {"covered_lines": 0, "num_statements": 3, "percent_covered": 0.0, "percent_covered_display": "0", "missing_lines": 3, "excluded_lines": 0, "percent_statements_covered": 0.0, "percent_statements_covered_display": "0"}, "missing_lines": [44, 45, 46], "excluded_lines": [], "start_line": 43}, "JointSamples.conditional_first": {"executed_lines": [], "summary": {"covered_lines": 0, "num_statements": 2, "percent_covered": 0.0, "percent_covered_display": "0", "missing_lines": 2, "excluded_lines": 0, "percent_statements_covered": 0.0, "percent_statements_covered_display": "0"}, "missing_lines": [49, 50], "excluded_lines": [], "start_line": 48}, "JointSamples.from_histories": {"executed_lines": [], "summary": {"covered_lines": 0, "num_statements": 4, "percent_covered": 0.0, "percent_covered_display": "0", "missing_lines": 4, "excluded_lines": 0, "percent_statements_covered": 0.0, "percent_statements_covered_display": "0"}, "missing_lines": [54, 55, 57, 58], "excluded_lines": [], "start_line": 53}, "EmpiricalDistribution.__init__": {"executed_lines": [63, 64, 65, 66, 67, 68], "summary": {"covered_lines": 6, "num_statements": 6, "percent_covered": 100.0, "percent_covered_display": "100", "missing_lines": 0, "excluded_lines": 0, "percent_statements_covered": 100.0, "percent_statements_covered_display": "100"}, "missing_lines": [], "excluded_lines": [], "start_line": 62}, "EmpiricalDistribution.n": {"executed_lines": [72], "summary": {"covered_lines": 1, "num_statements": 1, "percent_covered": 100.0, "percent_covered_display": "100", "missing_lines": 0, "excluded_lines": 0, "percent_statements_covered": 100.0, "percent_statements_covered_display": "100"}, "missing_lines": [], "excluded_lines": [], "start_line": 71}, "EmpiricalDistribution.samples": {"executed_lines": [], "summary": {"covered_lines": 0, "num_statements": 1, "percent_covered": 0.0, "percent_covered_display": "0", "missing_lines": 1, "excluded_lines": 0, "percent_statements_covered": 0.0, "percent_statements_covered_display": "0"}, "missing_lines": [76], "excluded_lines": [], "start_line": 75}, "EmpiricalDistribution._count_distinct": {"executed_lines": [80, 81, 84, 85, 86, 87, 88, 89], "summary": {"covered_lines": 8, "num_statements": 9, "percent_covered": 88.88888888888889, "percent_covered_display": "89", "missing_lines": 1, "excluded_lines": 0, "percent_statements_covered": 88.88888888888889, "percent_statements_covered_display": "89"}, "missing_lines": [82], "excluded_lines": [], "start_line": 78}, "EmpiricalDistribution.mean": {"executed_lines": [92, 94], "summary": {"covered_lines": 2, "num_statements": 3, "percent_covered": 66.66666666666667, "percent_covered_display": "67", "missing_lines": 1, "excluded_lines": 0, "percent_statements_covered": 66.66666666666667, "percent_statements_covered_display": "67"}, "missing_lines": [93], "excluded_lines": [], "start_line": 91}, "EmpiricalDistribution.median": {"executed_lines": [], "summary": {"covered_lines": 0, "num_statements": 1, "percent_covered": 0.0, "percent_covered_display": "0", "missing_lines": 1, "excluded_lines": 0, "percent_statements_covered": 0.0, "percent_statements_covered_display": "0"}, "missing_lines": [97], "excluded_lines": [], "start_line": 96}, "EmpiricalDistribution.std": {"executed_lines": [], "summary": {"covered_lines": 0, "num_statements": 5, "percent_covered": 0.0, "percent_covered_display": "0", "missing_lines": 5, "excluded_lines": 0, "percent_statements_covered": 0.0, "percent_statements_covered_display": "0"}, "missing_lines": [100, 101, 102, 103, 104], "excluded_lines": [], "start_line": 99}, "EmpiricalDistribution.min_val": {"executed_lines": [], "summary": {"covered_lines": 0, "num_statements": 1, "percent_covered": 0.0, "percent_covered_display": "0", "missing_lines": 1, "excluded_lines": 0, "percent_statements_covered": 0.0, "percent_statements_covered_display": "0"}, "missing_lines": [107], "excluded_lines": [], "start_line": 106}, "EmpiricalDistribution.max_val": {"executed_lines": [], "summary": {"covered_lines": 0, "num_statements": 1, "percent_covered": 0.0, "percent_covered_display": "0", "missing_lines": 1, "excluded_lines": 0, "percent_statements_covered": 0.0, "percent_statements_covered_display": "0"}, "missing_lines": [110], "excluded_lines": [], "start_line": 109}, "EmpiricalDistribution.quantile": {"executed_lines": [114, 115, 116, 118, 120, 121, 122, 123, 124], "summary": {"covered_lines": 9, "num_statements": 11, "percent_covered": 81.81818181818181, "percent_covered_display": "82", "missing_lines": 2, "excluded_lines": 0, "percent_statements_covered": 81.81818181818181, "percent_statements_covered_display": "82"}, "missing_lines": [117, 119], "excluded_lines": [], "start_line": 112}, "EmpiricalDistribution._empirical_quantile": {"executed_lines": [128, 129, 130, 131, 133, 134], "summary": {"covered_lines": 6, "num_statements": 7, "percent_covered": 85.71428571428571, "percent_covered_display": "86", "missing_lines": 1, "excluded_lines": 0, "percent_statements_covered": 85.71428571428571, "percent_statements_covered_display": "86"}, "missing_lines": [132], "excluded_lines": [], "start_line": 126}, "EmpiricalDistribution._evt_quantile": {"executed_lines": [138, 139, 140, 142, 143, 144, 145, 147, 149, 150, 151, 153, 155, 156, 157, 159, 160], "summary": {"covered_lines": 17, "num_statements": 20, "percent_covered": 85.0, "percent_covered_display": "85", "missing_lines": 3, "excluded_lines": 0, "percent_statements_covered": 85.0, "percent_statements_covered_display": "85"}, "missing_lines": [146, 152, 158], "excluded_lines": [], "start_line": 136}, "EmpiricalDistribution.var": {"executed_lines": [163], "summary": {"covered_lines": 1, "num_statements": 1, "percent_covered": 100.0, "percent_covered_display": "100", "missing_lines": 0, "excluded_lines": 0, "percent_statements_covered": 100.0, "percent_statements_covered_display": "100"}, "missing_lines": [], "excluded_lines": [], "start_line": 162}, "EmpiricalDistribution.cvar": {"executed_lines": [167, 168, 169, 170, 171, 172, 173], "summary": {"covered_lines": 7, "num_statements": 7, "percent_covered": 100.0, "percent_covered_display": "100", "missing_lines": 0, "excluded_lines": 0, "percent_statements_covered": 100.0, "percent_statements_covered_display": "100"}, "missing_lines": [], "excluded_lines": [], "start_line": 165}, "EmpiricalDistribution._empirical_cvar": {"executed_lines": [177, 178, 179, 181, 182, 183, 184, 185, 186], "summary": {"covered_lines": 9, "num_statements": 10, "percent_covered": 90.0, "percent_covered_display": "90", "missing_lines": 1, "excluded_lines": 0, "percent_statements_covered": 90.0, "percent_statements_covered_display": "90"}, "missing_lines": [180], "excluded_lines": [], "start_line": 175}, "EmpiricalDistribution._evt_cvar": {"executed_lines": [190, 191, 192, 194, 195, 196, 198, 199, 200, 201, 203], "summary": {"covered_lines": 11, "num_statements": 13, "percent_covered": 84.61538461538461, "percent_covered_display": "85", "missing_lines": 2, "excluded_lines": 0, "percent_statements_covered": 84.61538461538461, "percent_statements_covered_display": "85"}, "missing_lines": [197, 202], "excluded_lines": [], "start_line": 188}, "EmpiricalDistribution.var_mean_diff": {"executed_lines": [], "summary": {"covered_lines": 0, "num_statements": 1, "percent_covered": 0.0, "percent_covered_display": "0", "missing_lines": 1, "excluded_lines": 0, "percent_statements_covered": 0.0, "percent_statements_covered_display": "0"}, "missing_lines": [206], "excluded_lines": [], "start_line": 205}, "EmpiricalDistribution.var_median_diff": {"executed_lines": [], "summary": {"covered_lines": 0, "num_statements": 1, "percent_covered": 0.0, "percent_covered_display": "0", "missing_lines": 1, "excluded_lines": 0, "percent_statements_covered": 0.0, "percent_statements_covered_display": "0"}, "missing_lines": [209], "excluded_lines": [], "start_line": 208}, "EmpiricalDistribution.cdf": {"executed_lines": [], "summary": {"covered_lines": 0, "num_statements": 9, "percent_covered": 0.0, "percent_covered_display": "0", "missing_lines": 9, "excluded_lines": 0, "percent_statements_covered": 0.0, "percent_statements_covered_display": "0"}, "missing_lines": [212, 213, 214, 215, 216, 217, 218, 220, 221], "excluded_lines": [], "start_line": 211}, "EmpiricalDistribution.probability_above": {"executed_lines": [], "summary": {"covered_lines": 0, "num_statements": 1, "percent_covered": 0.0, "percent_covered_display": "0", "missing_lines": 1, "excluded_lines": 0, "percent_statements_covered": 0.0, "percent_statements_covered_display": "0"}, "missing_lines": [224], "excluded_lines": [], "start_line": 223}, "EmpiricalDistribution.probability_below": {"executed_lines": [], "summary": {"covered_lines": 0, "num_statements": 1, "percent_covered": 0.0, "percent_covered_display": "0", "missing_lines": 1, "excluded_lines": 0, "percent_statements_covered": 0.0, "percent_statements_covered_display": "0"}, "missing_lines": [227], "excluded_lines": [], "start_line": 226}, "EmpiricalDistribution.conditional": {"executed_lines": [], "summary": {"covered_lines": 0, "num_statements": 2, "percent_covered": 0.0, "percent_covered_display": "0", "missing_lines": 2, "excluded_lines": 0, "percent_statements_covered": 0.0, "percent_statements_covered_display": "0"}, "missing_lines": [230, 231], "excluded_lines": [], "start_line": 229}, "EmpiricalDistribution.conditional_below": {"executed_lines": [], "summary": {"covered_lines": 0, "num_statements": 2, "percent_covered": 0.0, "percent_covered_display": "0", "missing_lines": 2, "excluded_lines": 0, "percent_statements_covered": 0.0, "percent_statements_covered_display": "0"}, "missing_lines": [234, 235], "excluded_lines": [], "start_line": 233}, "EmpiricalDistribution.conditional_above": {"executed_lines": [], "summary": {"covered_lines": 0, "num_statements": 2, "percent_covered": 0.0, "percent_covered_display": "0", "missing_lines": 2, "excluded_lines": 0, "percent_statements_covered": 0.0, "percent_statements_covered_display": "0"}, "missing_lines": [238, 239], "excluded_lines": [], "start_line": 237}, "EmpiricalDistribution.conditional_bottom_alpha": {"executed_lines": [], "summary": {"covered_lines": 0, "num_statements": 4, "percent_covered": 0.0, "percent_covered_display": "0", "missing_lines": 4, "excluded_lines": 0, "percent_statements_covered": 0.0, "percent_statements_covered_display": "0"}, "missing_lines": [242, 243, 244, 245], "excluded_lines": [], "start_line": 241}, "EmpiricalDistribution.conditional_top_alpha": {"executed_lines": [], "summary": {"covered_lines": 0, "num_statements": 4, "percent_covered": 0.0, "percent_covered_display": "0", "missing_lines": 4, "excluded_lines": 0, "percent_statements_covered": 0.0, "percent_statements_covered_display": "0"}, "missing_lines": [248, 249, 250, 251], "excluded_lines": [], "start_line": 247}, "EmpiricalDistribution.summary": {"executed_lines": [], "summary": {"covered_lines": 0, "num_statements": 4, "percent_covered": 0.0, "percent_covered_display": "0", "missing_lines": 4, "excluded_lines": 0, "percent_statements_covered": 0.0, "percent_statements_covered_display": "0"}, "missing_lines": [254, 255, 256, 257], "excluded_lines": [], "start_line": 253}, "EmpiricalDistribution.from_gdr": {"executed_lines": [], "summary": {"covered_lines": 0, "num_statements": 2, "percent_covered": 0.0, "percent_covered_display": "0", "missing_lines": 2, "excluded_lines": 0, "percent_statements_covered": 0.0, "percent_statements_covered_display": "0"}, "missing_lines": [269, 270], "excluded_lines": [], "start_line": 268}, "EmpiricalDistribution.from_resource_remaining": {"executed_lines": [], "summary": {"covered_lines": 0, "num_statements": 3, "percent_covered": 0.0, "percent_covered_display": "0", "missing_lines": 3, "excluded_lines": 0, "percent_statements_covered": 0.0, "percent_statements_covered_display": "0"}, "missing_lines": [274, 275, 276], "excluded_lines": [], "start_line": 273}, "EmpiricalDistribution.from_batch": {"executed_lines": [], "summary": {"covered_lines": 0, "num_statements": 2, "percent_covered": 0.0, "percent_covered_display": "0", "missing_lines": 2, "excluded_lines": 0, "percent_statements_covered": 0.0, "percent_statements_covered_display": "0"}, "missing_lines": [280, 281], "excluded_lines": [], "start_line": 279}, "WorstCaseAnalysis.__init__": {"executed_lines": [], "summary": {"covered_lines": 0, "num_statements": 2, "percent_covered": 0.0, "percent_covered_display": "0", "missing_lines": 2, "excluded_lines": 0, "percent_statements_covered": 0.0, "percent_statements_covered_display": "0"}, "missing_lines": [286, 287], "excluded_lines": [], "start_line": 285}, "WorstCaseAnalysis.var": {"executed_lines": [], "summary": {"covered_lines": 0, "num_statements": 1, "percent_covered": 0.0, "percent_covered_display": "0", "missing_lines": 1, "excluded_lines": 0, "percent_statements_covered": 0.0, "percent_statements_covered_display": "0"}, "missing_lines": [290], "excluded_lines": [], "start_line": 289}, "WorstCaseAnalysis.cvar": {"executed_lines": [], "summary": {"covered_lines": 0, "num_statements": 1, "percent_covered": 0.0, "percent_covered_display": "0", "missing_lines": 1, "excluded_lines": 0, "percent_statements_covered": 0.0, "percent_statements_covered_display": "0"}, "missing_lines": [293], "excluded_lines": [], "start_line": 292}, "WorstCaseAnalysis.var_mean_diff": {"executed_lines": [], "summary": {"covered_lines": 0, "num_statements": 1, "percent_covered": 0.0, "percent_covered_display": "0", "missing_lines": 1, "excluded_lines": 0, "percent_statements_covered": 0.0, "percent_statements_covered_display": "0"}, "missing_lines": [296], "excluded_lines": [], "start_line": 295}, "WorstCaseAnalysis.var_median_diff": {"executed_lines": [], "summary": {"covered_lines": 0, "num_statements": 1, "percent_covered": 0.0, "
[...]
art_line": 1}}, "classes": {"HistogramOverlay": {"executed_lines": [], "summary": {"covered_lines": 0, "num_statements": 0, "percent_covered": 100.0, "percent_covered_display": "100", "missing_lines": 0, "excluded_lines": 0, "percent_statements_covered": 100.0, "percent_statements_covered_display": "100"}, "missing_lines": [], "excluded_lines": [], "start_line": 13}, "HistogramData": {"executed_lines": [], "summary": {"covered_lines": 0, "num_statements": 0, "percent_covered": 100.0, "percent_covered_display": "100", "missing_lines": 0, "excluded_lines": 0, "percent_statements_covered": 100.0, "percent_statements_covered_display": "100"}, "missing_lines": [], "excluded_lines": [], "start_line": 22}, "CDFData": {"executed_lines": [], "summary": {"covered_lines": 0, "num_statements": 0, "percent_covered": 100.0, "percent_covered_display": "100", "missing_lines": 0, "excluded_lines": 0, "percent_statements_covered": 100.0, "percent_statements_covered_display": "100"}, "missing_lines": [], "excluded_lines": [], "start_line": 32}, "RidgeData": {"executed_lines": [], "summary": {"covered_lines": 0, "num_statements": 0, "percent_covered": 100.0, "percent_covered_display": "100", "missing_lines": 0, "excluded_lines": 0, "percent_statements_covered": 100.0, "percent_statements_covered_display": "100"}, "missing_lines": [], "excluded_lines": [], "start_line": 38}, "BoxplotData": {"executed_lines": [], "summary": {"covered_lines": 0, "num_statements": 0, "percent_covered": 100.0, "percent_covered_display": "100", "missing_lines": 0, "excluded_lines": 0, "percent_statements_covered": 100.0, "percent_statements_covered_display": "100"}, "missing_lines": [], "excluded_lines": [], "start_line": 45}, "ScatterTrace": {"executed_lines": [], "summary": {"covered_lines": 0, "num_statements": 0, "percent_covered": 100.0, "percent_covered_display": "100", "missing_lines": 0, "excluded_lines": 0, "percent_statements_covered": 100.0, "percent_statements_covered_display": "100"}, "missing_lines": [], "excluded_lines": [], "start_line": 51}, "ScatterData": {"executed_lines": [], "summary": {"covered_lines": 0, "num_statements": 0, "percent_covered": 100.0, "percent_covered_display": "100", "missing_lines": 0, "excluded_lines": 0, "percent_statements_covered": 100.0, "percent_statements_covered_display": "100"}, "missing_lines": [], "excluded_lines": [], "start_line": 64}, "BarData": {"executed_lines": [], "summary": {"covered_lines": 0, "num_statements": 0, "percent_covered": 100.0, "percent_covered_display": "100", "missing_lines": 0, "excluded_lines": 0, "percent_statements_covered": 100.0, "percent_statements_covered_display": "100"}, "missing_lines": [], "excluded_lines": [], "start_line": 78}, "HeatmapData": {"executed_lines": [], "summary": {"covered_lines": 0, "num_statements": 0, "percent_covered": 100.0, "percent_covered_display": "100", "missing_lines": 0, "excluded_lines": 0, "percent_statements_covered": 100.0, "percent_statements_covered_display": "100"}, "missing_lines": [], "excluded_lines": [], "start_line": 86}, "Waterfall3DData": {"executed_lines": [], "summary": {"covered_lines": 0, "num_statements": 0, "percent_covered": 100.0, "percent_covered_display": "100", "missing_lines": 0, "excluded_lines": 0, "percent_statements_covered": 100.0, "percent_statements_covered_display": "100"}, "missing_lines": [], "excluded_lines": [], "start_line": 95}, "SubplotGridData": {"executed_lines": [], "summary": {"covered_lines": 0, "num_statements": 0, "percent_covered": 100.0, "percent_covered_display": "100", "missing_lines": 0, "excluded_lines": 0, "percent_statements_covered": 100.0, "percent_statements_covered_display": "100"}, "missing_lines": [], "excluded_lines": [], "start_line": 103}, "TableData": {"executed_lines": [], "summary": {"covered_lines": 0, "num_statements": 0, "percent_covered": 100.0, "percent_covered_display": "100", "missing_lines": 0, "excluded_lines": 0, "percent_statements_covered": 100.0, "percent_statements_covered_display": "100"}, "missing_lines": [], "excluded_lines": [], "start_line": 114}, "ChartAnnotation": {"executed_lines": [], "summary": {"covered_lines": 0, "num_statements": 0, "percent_covered": 100.0, "percent_covered_display": "100", "missing_lines": 0, "excluded_lines": 0, "percent_statements_covered": 100.0, "percent_statements_covered_display": "100"}, "missing_lines": [], "excluded_lines": [], "start_line": 147}, "ShadedRegion": {"executed_lines": [], "summary": {"covered_lines": 0, "num_statements": 0, "percent_covered": 100.0, "percent_covered_display": "100", "missing_lines": 0, "excluded_lines": 0, "percent_statements_covered": 100.0, "percent_statements_covered_display": "100"}, "missing_lines": [], "excluded_lines": [], "start_line": 157}, "ChartSpec": {"executed_lines": [], "summary": {"covered_lines": 0, "num_statements": 0, "percent_covered": 100.0, "percent_covered_display": "100", "missing_lines": 0, "excluded_lines": 0, "percent_statements_covered": 100.0, "percent_statements_covered_display": "100"}, "missing_lines": [], "excluded_lines": [], "start_line": 168}, "": {"executed_lines": [2, 4, 5, 7, 12, 13, 15, 16, 17, 18, 21, 22, 24, 25, 26, 27, 28, 31, 32, 34, 37, 38, 40, 41, 44, 45, 47, 50, 51, 53, 54, 55, 56, 57, 58, 59, 60, 63, 64, 66, 67, 68, 69, 70, 71, 72, 73, 74, 77, 78, 80, 81, 82, 85, 86, 88, 89, 90, 91, 94, 95, 97, 98, 99, 102, 103, 105, 106, 107, 108, 109, 110, 113, 114, 116, 117, 118, 119, 124, 137, 146, 147, 149, 150, 151, 152, 153, 156, 157, 159, 160, 161, 162, 167, 168, 170, 171, 172, 173, 174, 175, 176, 177, 184, 195, 205, 212, 220, 228, 237, 244, 252, 263, 273, 291, 321, 329, 337, 347, 355, 365], "summary": {"covered_lines": 121, "num_statements": 123, "percent_covered": 98.3739837398374, "percent_covered_display": "98", "missing_lines": 2, "excluded_lines": 0, "percent_statements_covered": 98.3739837398374, "percent_statements_covered_display": "98"}, "missing_lines": [282, 307], "excluded_lines": [], "start_line": 1}}}, "gacha_simulator\\visualization\\font_config.py": {"executed_lines": [1, 3, 5, 12, 30, 43], "summary": {"covered_lines": 6, "num_statements": 36, "percent_covered": 16.666666666666668, "percent_covered_display": "17", "missing_lines": 30, "excluded_lines": 0, "percent_statements_covered": 16.666666666666668, "percent_statements_covered_display": "17"}, "missing_lines": [31, 32, 33, 34, 35, 36, 37, 38, 39, 40, 46, 47, 49, 50, 52, 54, 55, 56, 57, 58, 59, 60, 61, 63, 64, 66, 67, 69, 70, 72], "excluded_lines": [], "functions": {"_find_chinese_font": {"executed_lines": [], "summary": {"covered_lines": 0, "num_statements": 10, "percent_covered": 0.0, "percent_covered_display": "0", "missing_lines": 10, "excluded_lines": 0, "percent_statements_covered": 0.0, "percent_statements_covered_display": "0"}, "missing_lines": [31, 32, 33, 34, 35, 36, 37, 38, 39, 40], "excluded_lines": [], "start_line": 30}, "configure_chinese_font": {"executed_lines": [], "summary": {"covered_lines": 0, "num_statements": 20, "percent_covered": 0.0, "percent_covered_display": "0", "missing_lines": 20, "excluded_lines": 0, "percent_statements_covered": 0.0, "percent_statements_covered_display": "0"}, "missing_lines": [46, 47, 49, 50, 52, 54, 55, 56, 57, 58, 59, 60, 61, 63, 64, 66, 67, 69, 70, 72], "excluded_lines": [], "start_line": 43}, "": {"executed_lines": [1, 3, 5, 12, 30, 43], "summary": {"covered_lines": 6, "num_statements": 6, "percent_covered": 100.0, "percent_covered_display": "100", "missing_lines": 0, "excluded_lines": 0, "percent_statements_covered": 100.0, "percent_statements_covered_display": "100"}, "missing_lines": [], "excluded_lines": [], "start_line": 1}}, "classes": {"": {"executed_lines": [1, 3, 5, 12, 30, 43], "summary": {"covered_lines": 6, "num_statements": 36, "percent_covered": 16.666666666666668, "percent_covered_display": "17", "missing_lines": 30, "excluded_lines": 0, "percent_statements_covered": 16.666666666666668, "percent_statements_covered_display": "17"}, "missing_lines": [31, 32, 33, 34, 35, 36, 37, 38, 39, 40, 46, 47, 49, 50, 52, 54, 55, 56, 57, 58, 59, 60, 61, 63, 64, 66, 67, 69, 70, 72], "excluded_lines": [], "start_line": 1}}}, "gacha_simulator\\visualization\\plotly_charts.py": {"executed_lines": [2, 4, 5, 6, 8, 9, 10, 12, 28, 157, 162, 164, 165, 166, 167, 168, 169, 170, 171, 173, 225, 227, 229, 242, 243, 244, 245, 246, 247, 256, 257, 258, 260, 263, 264, 265, 266, 267, 271, 273, 278, 280, 296, 297, 298, 299, 300, 301, 302, 303, 304, 305, 306, 307, 312, 313, 315, 316, 318, 354, 355, 356, 357, 358, 359, 360, 361, 365, 366, 368, 369, 370, 371, 372, 373, 376, 377, 378, 380, 383, 384, 385, 388, 389, 390, 393, 394, 397, 398, 399, 400, 401, 403, 409, 410, 411, 412, 414, 425, 430, 437, 443, 444, 448, 449, 451, 452, 453, 454, 455, 456, 461, 462, 463, 465, 466, 467, 469, 480, 493, 494, 498, 500, 501, 502, 503, 504, 508, 510, 511, 512, 513, 514, 519, 520, 522, 536, 582, 623, 624, 626, 627, 629, 637, 638, 639, 640, 641, 642, 643, 653, 654, 655, 663, 667, 668, 669, 670, 680, 681, 682, 683, 685, 686, 687, 688, 693, 699, 700], "summary": {"covered_lines": 169, "num_statements": 254, "percent_covered": 66.53543307086615, "percent_covered_display": "67", "missing_lines": 85, "excluded_lines": 0, "percent_statements_covered": 66.53543307086615, "percent_statements_covered_display": "67"}, "missing_lines": [178, 179, 181, 187, 188, 189, 190, 193, 194, 195, 201, 202, 203, 211, 219, 220, 221, 223, 261, 272, 274, 281, 282, 287, 288, 289, 290, 294, 314, 324, 325, 326, 328, 329, 336, 339, 340, 341, 342, 343, 344, 351, 352, 391, 431, 470, 471, 481, 523, 524, 525, 526, 531, 534, 537, 538, 539, 540, 541, 546, 547, 548, 549, 562, 563, 564, 572, 573, 580, 583, 584, 585, 586, 588, 589, 590, 592, 593, 594, 595, 611, 619, 630, 650, 656], "excluded_lines": [], "functions": {"PlotlyRenderer.to_figure": {"executed_lines": [164, 165, 166, 167, 168, 169, 170, 171], "summary": {"covered_lines": 8, "num_statements": 8, "percent_covered": 100.0, "percent_covered_display": "100", "missing_lines": 0, "excluded_lines": 0, "percent_statements_covered": 100.0, "percent_statements_covered_display": "100"}, "missing_lines": [], "excluded_lines": [], "start_line": 162}, "PlotlyRenderer.combine_vertical": {"executed_lines": [], "summary": {"covered_lines": 0, "num_statements": 18, "percent_covered": 0.0, "percent_covered_display": "0", "missing_lines": 18, "excluded_lines": 0, "percent_statements_covered": 0.0, "percent_statements_covered_display": "0"}, "missing_lines": [178, 179, 181, 187, 188, 189, 190, 193, 194, 195, 201, 202, 203, 211, 219, 220, 221, 223], "excluded_lines": [], "start_line": 173}, "PlotlyRenderer.to_json": {"executed_lines": [227], "summary": {"covered_lines": 1, "num_statements": 1, "percent_covered": 100.0, "percent_covered_display": "100", "missing_lines": 0, "excluded_lines": 0, "percent_statements_covered": 100.0, "percent_statements_covered_display": "100"}, "missing_lines": [], "excluded_lines": [], "start_line": 225}, "PlotlyRenderer.to_html": {"executed_lines": [242, 243, 244, 245, 246, 247], "summary": {"covered_lines": 6, "num_statements": 6, "percent_covered": 100.0, "percent_covered_display": "100", "missing_lines": 0, "excluded_lines": 0, "percent_statements_covered": 100.0, "percent_statements_covered_display": "100"}, "missing_lines": [], "excluded_lines": [], "start_line": 229}, "PlotlyRenderer._build_histogram": {"executed_lines": [257, 258, 260, 263, 264, 265, 266, 267, 271, 273, 278, 280, 296, 297, 298, 299, 300, 301, 302, 303, 304, 305, 306, 307, 312, 313, 315, 316], "summary": {"covered_lines": 28, "num_statements": 39, "percent_covered": 71.7948717948718, "percent_covered_display": "72", "missing_lines": 11, "excluded_lines": 0, "percent_statements_covered": 71.7948717948718, "percent_statements_covered_display": "72"}, "missing_lines": [261, 272, 274, 281, 282, 287, 288, 289, 290, 294, 314], "excluded_lines": [], "start_line": 256}, "PlotlyRenderer._build_bar_from_grid": {"executed_lines": [], "summary": {"covered_lines": 0, "num_statements": 14, "percent_covered": 0.0, "percent_covered_display": "0", "missing_lines": 14, "excluded_lines": 0, "percent_statements_covered": 0.0, "percent_statements_covered_display": "0"}, "missing_lines": [324, 325, 326, 328, 329, 336, 339, 340, 341, 342, 343, 344, 351, 352], "excluded_lines": [], "start_line": 318}, "PlotlyRenderer._build_cdf": {"executed_lines": [355, 356, 357, 358, 359, 360, 361, 365, 366], "summary": {"covered_lines": 9, "num_statements": 9, "percent_covered": 100.0, "percent_covered_display": "100", "missing_lines": 0, "excluded_lines": 0, "percent_statements_covered": 100.0, "percent_statements_covered_display": "100"}, "missing_lines": [], "excluded_lines": [], "start_line": 354}, "PlotlyRenderer._build_ridge": {"executed_lines": [369, 370, 371, 372, 373, 376, 377, 378, 380, 383, 384, 385, 388, 389, 390, 393, 394, 397, 398, 399, 400, 401, 403, 409, 410, 411, 412, 414, 425, 430, 437, 443, 444, 448, 449], "summary": {"covered_lines": 35, "num_statements": 37, "percent_covered": 94.5945945945946, "percent_covered_display": "95", "missing_lines": 2, "excluded_lines": 0, "percent_statements_covered": 94.5945945945946, "percent_statements_covered_display": "95"}, "missing_lines": [391, 431], "excluded_lines": [], "start_line": 368}, "PlotlyRenderer._build_boxplot": {"executed_lines": [452, 453, 454, 455, 456, 461, 462, 463], "summary": {"covered_lines": 8, "num_statements": 8, "percent_covered": 100.0, "percent_covered_display": "100", "missing_lines": 0, "excluded_lines": 0, "percent_statements_covered": 100.0, "percent_statements_covered_display": "100"}, "missing_lines": [], "excluded_lines": [], "start_line": 451}, "PlotlyRenderer._build_scatter": {"executed_lines": [466, 467, 469, 480, 493, 494, 498], "summary": {"covered_lines": 7, "num_statements": 10, "percent_covered": 70.0, "percent_covered_display": "70", "missing_lines": 3, "excluded_lines": 0, "percent_statements_covered": 70.0, "percent_statements_covered_display": "70"}, "missing_lines": [470, 471, 481], "excluded_lines": [], "start_line": 465}, "PlotlyRenderer._build_bar": {"executed_lines": [501, 502, 503, 504, 508], "summary": {"covered_lines": 5, "num_statements": 5, "percent_covered": 100.0, "percent_covered_display": "100", "missing_lines": 0, "excluded_lines": 0, "percent_statements_covered": 100.0, "percent_statements_covered_display": "100"}, "missing_lines": [], "excluded_lines": [], "start_line": 500}, "PlotlyRenderer._build_heatmap": {"executed_lines": [511, 512, 513, 514, 519, 520], "summary": {"covered_lines": 6, "num_statements": 6, "percent_covered": 100.0, "percent_covered_display": "100", "missing_lines": 0, "excluded_lines": 0, "percent_statements_covered": 100.0, "percent_statements_covered_display": "100"}, "missing_lines": [], "excluded_lines": [], "start_line": 510}, "PlotlyRenderer._build_waterfall_3d": {"executed_lines": [], "summary": {"covered_lines": 0, "num_statements": 6, "percent_covered": 0.0, "percent_covered_display": "0", "missing_lines": 6, "excluded_lines": 0, "percent_statements_covered": 0.0, "percent_statements_covered_display": "0"}, "missing_lines": [523, 524, 525, 526, 531, 534], "excluded_lines": [], "start_line": 522}, "PlotlyRenderer._build_subplot_grid": {"executed_lines": [], "summary": {"covered_lines": 0, "num_statements": 15, "percent_covered": 0.0, "percent_covered_display": "0", "missing_lines": 15, "excluded_lines": 0, "percent_statements_covered": 0.0, "percent_statements_covered_display": "0"}, "missing_lines": [537, 538, 539, 540, 541, 546, 547, 548, 549, 562, 563, 564, 572, 573, 580], "excluded_lines": [], "start_line": 536}, "PlotlyRenderer._build_table": {"executed_lines": [], "summary": {"covered_lines": 0, "num_statements": 13, "percent_covered": 0.0, "percent_covered_display": "0", "missing_lines": 13, "excluded_lines": 0, "percent_statements_covered": 0.0, "percent_statements_covered_display": "0"}, "missing_lines": [583, 584, 585, 586, 588, 589, 590, 592, 593, 594, 595, 611, 619], "excluded_lines": [], "start_line": 582}, "PlotlyRenderer._apply_annotations": {"executed_lines": [626, 627, 629, 637, 638, 639, 640, 641, 642, 643, 653, 654, 655, 663], "summary": {"covered_lines": 14, "num_statements": 17, "percent_covered": 82.3529411764706, "percent_covered_display": "82", "missing_lines": 3, "excluded_lines": 0, "percent_statements_covered": 82.3529411764706, "percent_statements_covered_display": "82"}, "missing_lines": [630, 650, 656], "excluded_lines": [], "start_line": 624}, "PlotlyRenderer._apply_layout": {"executed_lines": [669, 670, 680, 681, 682, 683, 685, 686, 687, 688], "summary": {"covered_lines": 10, "num_statements": 10, "percent_covered": 100.0, "percent_covered_display": "100", "missing_lines": 0, "excluded_lines": 0, "percent_statements_covered": 100.0, "percent_statements_covered_display": "100"}, "missing_lines": [], "excluded_lines": [], "start_line": 668}, "encode_heatmap_binary": {"executed_lines": [699, 700], "summary": {"covered_lines": 2, "num_statements": 2, "percent_covered": 100.0, "percent_covered_display": "100", "missing_lines": 0, "excluded_lines": 0, "percent_statements_covered": 100.0, "percent_statements_covered_display": "100"}, "missing_lines": [], "excluded_lines": [], "start_line": 693}, "": {"executed_lines": [2, 4, 5, 6, 8, 9, 10, 12, 28, 157, 162, 173, 225, 229, 256, 318, 354, 368, 451, 465, 500, 510, 522, 536, 582, 623, 624, 667, 668, 693], "summary": {"covered_lines": 30, "num_statements": 30, "percent_covered": 100.0, "percent_covered_display": "100", "missing_lines": 0, "excluded_lines": 0, "percent_statements_covered": 100.0, "percent_statements_covered_display": "100"}, "missing_lines": [], "excluded_lines": [], "start_line": 1}}, "classes": {"PlotlyRenderer": {"executed_lines": [164, 165, 166, 167, 168, 169, 170, 171, 227, 242, 243, 244, 245, 246, 247, 257, 258, 260, 263, 264, 265, 266, 267, 271, 273, 278, 280, 296, 297, 298, 299, 300, 301, 302, 303, 304, 305, 306, 307, 312, 313, 315, 316, 355, 356, 357, 358, 359, 360, 361, 365, 366, 369, 370, 371, 372, 373, 376, 377, 378, 380, 383, 384, 385, 388, 389, 390, 393, 394, 397, 398, 399, 400, 401, 403, 409, 410, 411, 412, 414, 425, 430, 437, 443, 444, 448, 449, 452, 453, 454, 455, 456, 461, 462, 463, 466, 467, 469, 480, 493, 494, 498, 501, 502, 503, 504, 508, 511, 512, 513, 514, 519, 520, 626, 627, 629, 637, 638, 639, 640, 641, 642, 643, 653, 654, 655, 663, 669, 670, 680, 681, 682, 683, 685, 686, 687, 688], "summary": {"covered_lines": 137, "num_statements": 222, "percent_covered": 61.711711711711715, "percent_covered_display": "62", "missing_lines": 85, "excluded_lines": 0, "percent_statements_covered": 61.711711711711715, "percent_statements_covered_display": "62"}, "missing_lines": [178, 179, 181, 187, 188, 189, 190, 193, 194, 195, 201, 202, 203, 211, 219, 220, 221, 223, 261, 272, 274, 281, 282, 287, 288, 289, 290, 294, 314, 324, 325, 326, 328, 329, 336, 339, 340, 341, 342, 343, 344, 351, 352, 391, 431, 470, 471, 481, 523, 524, 525, 526, 531, 534, 537, 538, 539, 540, 541, 546, 547, 548, 549, 562, 563, 564, 572, 573, 580, 583, 584, 585, 586, 588, 589, 590, 592, 593, 594, 595, 611, 619, 630, 650, 656], "excluded_lines": [], "start_line": 157}, "": {"executed_lines": [2, 4, 5, 6, 8, 9, 10, 12, 28, 157, 162, 173, 225, 229, 256, 318, 354, 368, 451, 465, 500, 510, 522, 536, 582, 623, 624, 667, 668, 693, 699, 700], "summary": {"covered_lines": 32, "num_statements": 32, "percent_covered": 100.0, "percent_covered_display": "100", "missing_lines": 0, "excluded_lines": 0, "percent_statements_covered": 100.0, "percent_statements_covered_display": "100"}, "missing_lines": [], "excluded_lines": [], "start_line": 1}}}}, "totals": {"covered_lines": 4940, "num_statements": 16934, "percent_covered": 29.1720798393764, "percent_covered_display": "29", "missing_lines": 11994, "excluded_lines": 26, "percent_statements_covered": 29.1720798393764, "percent_statements_covered_display": "29"}}